********************************************************************************
db2gds 22.14-s007 64 bit (Tue Jan 31 16:35:56 PST 2023)
Build Ref No.: 031 Release Candidate (01-31-2023) [2214_pgs]

Copyright 2023 Cadence Design Systems, Inc.
All rights reserved worldwide.

Build O/S:       Linux x86_64 3.10.0-693.el7.x86_64
Executed on:     c111-12.EECS.Berkeley.EDU (Linux x86_64 4.18.0-553.16.1.el8_10.x86_64)
Process Id:      367571
Starting Time:   Sat Oct 12 15:10:18 2024 (Sat Oct 12 22:10:18 2024 GMT)
With parameters: strong_arm_365844 ./strong_arm.agf strong_arm -lmap lmapg3vFDL -netmap ./strong_arm.lnn -property_nqrc -gds_scale 1000 -vircolon 
********************************************************************************

Library name: strong_arm_365844
GDSII file name: ./strong_arm.agf
Cells to be written out: strong_arm
Source Library: strong_arm_365844
Layer mapping file(GDS <- DMC): lmapg3vFDL
    9 (dt:0 tt:0) <- 9
    23 (dt:0 tt:0) <- 23
    25 (dt:0 tt:0) <- 25
    26 (dt:0 tt:0) <- 26
    27 (dt:0 tt:0) <- 27
    28 (dt:0 tt:0) <- 28
    29 (dt:0 tt:0) <- 29
    8 (dt:0 tt:0) <- 8
    10 (dt:0 tt:0) <- 10
    13 (dt:0 tt:0) <- 13
    16 (dt:0 tt:0) <- 16
    17 (dt:0 tt:0) <- 17
    20 (dt:0 tt:0) <- 20
    22 (dt:0 tt:0) <- 22
    30 (dt:0 tt:0) <- 30
    1 (dt:0 tt:0) <- 1
    4 (dt:0 tt:0) <- 4
    11 (dt:0 tt:0) <- 11
    14 (dt:0 tt:0) <- 14
    15 (dt:0 tt:0) <- 15
    18 (dt:0 tt:0) <- 18
    19 (dt:0 tt:0) <- 19
    35 (dt:0 tt:0) <- 35
    2 (dt:0 tt:0) <- 2
    31 (dt:0 tt:0) <- 31
    32 (dt:0 tt:0) <- 32
    33 (dt:0 tt:0) <- 33
    34 (dt:0 tt:0) <- 34
Cell name case: PRESERVE
Option: output object property for new qrc flow


                Object Statistics of Cells                            
Cell Name         Box  Polygon     Path   Label Instance Array    Total
----------------------------------------------------------------------
strong_arm         25        5        0       0     2      0        32
strong_arm_half       76       15        0       0    20      0       111
ptap_tile          26        0        0       0     0      0        26
ntap_tile          26        0        0       0     0      0        26
two_finger_mos_tile       76        1        0       0     0      0        77
two_finger_mos_tile_1       28        1        0       0     0      0        29
two_finger_mos_tile_2      109        1        0       0     0      0       110
two_finger_mos_tile_3       22        1        0       0     0      0        23
----------------------------------------------------------------------

Object Statistics of Layers
Layer   Objects
----------------
   1           4
   2          12
   4           4
   9           4
  11           1
  14           1
  15           6
  16           5
  17          24
  18           6
  19           2
  20          78
  22           3
  23         207
  25          28
  26          12
  30           7
  31           4
  33           4
----------------

Object Summary
------------------
     Box       388
 Polygon        24
    Path         0
   Label         0
Instance        22
   Array         0
------------------
   Total       434


Output property: 434
Total CPU Time          : 0(s)
Total Real Time         : 0(s)
Peak Memory Used        : 7(M)
