********************************************************************************
db2gds 22.14-s007 64 bit (Tue Jan 31 16:35:56 PST 2023)
Build Ref No.: 031 Release Candidate (01-31-2023) [2214_pgs]

Copyright 2023 Cadence Design Systems, Inc.
All rights reserved worldwide.

Build O/S:       Linux x86_64 3.10.0-693.el7.x86_64
Executed on:     c111-9.EECS.Berkeley.EDU (Linux x86_64 4.18.0-553.22.1.el8_10.x86_64)
Process Id:      266297
Starting Time:   Sun Nov  3 22:08:07 2024 (Mon Nov  4 06:08:07 2024 GMT)
With parameters: inverter_264614 ./inverter.agf inverter -lmap lmapUppycU -netmap ./inverter.lnn -property_nqrc -gds_scale 1000 -vircolon 
********************************************************************************

Library name: inverter_264614
GDSII file name: ./inverter.agf
Cells to be written out: inverter
Source Library: inverter_264614
Layer mapping file(GDS <- DMC): lmapUppycU
    9 (dt:0 tt:0) <- 9
    23 (dt:0 tt:0) <- 23
    25 (dt:0 tt:0) <- 25
    26 (dt:0 tt:0) <- 26
    27 (dt:0 tt:0) <- 27
    28 (dt:0 tt:0) <- 28
    29 (dt:0 tt:0) <- 29
    8 (dt:0 tt:0) <- 8
    10 (dt:0 tt:0) <- 10
    13 (dt:0 tt:0) <- 13
    16 (dt:0 tt:0) <- 16
    17 (dt:0 tt:0) <- 17
    20 (dt:0 tt:0) <- 20
    22 (dt:0 tt:0) <- 22
    30 (dt:0 tt:0) <- 30
    1 (dt:0 tt:0) <- 1
    4 (dt:0 tt:0) <- 4
    11 (dt:0 tt:0) <- 11
    14 (dt:0 tt:0) <- 14
    15 (dt:0 tt:0) <- 15
    18 (dt:0 tt:0) <- 18
    19 (dt:0 tt:0) <- 19
    35 (dt:0 tt:0) <- 35
    2 (dt:0 tt:0) <- 2
    31 (dt:0 tt:0) <- 31
    32 (dt:0 tt:0) <- 32
    33 (dt:0 tt:0) <- 33
    34 (dt:0 tt:0) <- 34
Cell name case: PRESERVE
Option: output object property for new qrc flow


                Object Statistics of Cells                            
Cell Name         Box  Polygon     Path   Label Instance Array    Total
----------------------------------------------------------------------
inverter            9        4        0       0     7      0        20
L1M1_C_CDNS_730310354530        3        0        0       0     0      0         3
nwellTap_CDNS_730310354531        9        0        0       0     0      0         9
subTap_CDNS_730310354532        9        0        0       0     0      0         9
nfet_01v8_CDNS_730310354533       14        0        0       0     0      0        14
pfet_01v8_CDNS_730310354534       18        0        0       0     0      0        18
----------------------------------------------------------------------

Object Statistics of Layers
Layer   Objects
----------------
   1           1
   2           4
   4           1
   9           3
  11           1
  14           1
  15           2
  17           7
  18           2
  19           2
  20          11
  22           3
  23          17
  25           6
  30           3
  31           1
  33           1
----------------

Object Summary
------------------
     Box        62
 Polygon         4
    Path         0
   Label         0
Instance         7
   Array         0
------------------
   Total        73


Output property: 73
Total CPU Time          : 0(s)
Total Real Time         : 0(s)
Peak Memory Used        : 7(M)
