#!encrypt#!25#!

M*OZn:P\Yp>E.s,p#+c"0y
#!encrypt#!4#!N%Ti#!encrypt#!7#!b8 zGh{#!encrypt#!4#!NPyR#!encrypt#!13#!N{GkVZo\}c)lX#!encrypt#!4#!N+0g#!encrypt#!7#!NPy;`%h#!encrypt#!1#!
#!encrypt#!4#!N%Ti#!encrypt#!7#!b8 zGh{#!encrypt#!4#!NPyR#!encrypt#!13#!NoGkVZo\}c)lX#!encrypt#!4#!N+0g#!encrypt#!7#!NPy;`%h#!encrypt#!1#!
#!encrypt#!4#!N%Ti#!encrypt#!7#!b8 zGh{#!encrypt#!13#!N{GkVZo\}c)lX#!encrypt#!5#!NoEp(#!encrypt#!1#!
#!encrypt#!4#!N%Ti#!encrypt#!7#!b8 zGh{#!encrypt#!13#!NoGkVZo\}c)lX#!encrypt#!5#!N{Ep(#!encrypt#!1#!
#!encrypt#!4#!N%Ti#!encrypt#!7#!b8 zGh{#!encrypt#!4#!NPyR#!encrypt#!5#!N{Ep(#!encrypt#!4#!N+0g#!encrypt#!7#!NPy;`%h#!encrypt#!1#!
#!encrypt#!4#!N%Ti#!encrypt#!7#!b8 zGh{#!encrypt#!4#!NPyR#!encrypt#!5#!NoEp(#!encrypt#!4#!N+0g#!encrypt#!7#!NPy;`%h#!encrypt#!1#!
#!encrypt#!4#!N%Ti#!encrypt#!7#!b8 zGh{#!encrypt#!4#!NPyR#!encrypt#!13#!NaJk2P*\x#?n6#!encrypt#!4#!N+0g#!encrypt#!7#!NPy;`%h#!encrypt#!1#!
#!encrypt#!4#!N%Ti#!encrypt#!7#!b8 zGh{#!encrypt#!4#!NPyR#!encrypt#!5#!N{M~x#!encrypt#!4#!N+0g#!encrypt#!7#!NPy;`%h#!encrypt#!1#!
#!encrypt#!4#!N%Ti#!encrypt#!7#!b8 zGh{#!encrypt#!5#!N{M~x#!encrypt#!5#!N{l]$#!encrypt#!1#!
#!encrypt#!4#!N%Ti#!encrypt#!7#!b8 zGh{#!encrypt#!5#!N{M~x#!encrypt#!5#!Nol]$#!encrypt#!1#!
#!encrypt#!4#!N%Ti#!encrypt#!7#!b8 zGh{#!encrypt#!5#!N{Ep(#!encrypt#!1#!
#!encrypt#!4#!N%Ti#!encrypt#!7#!b8 zGh{#!encrypt#!4#!NPyR#!encrypt#!6#!Nphk2L#!encrypt#!4#!N+0g#!encrypt#!7#!NPy;`%h#!encrypt#!1#!
#!encrypt#!4#!N%Ti#!encrypt#!7#!b8 zGh{#!encrypt#!4#!NPyR#!encrypt#!16#!NJg.T\C>mjMo}cUx#!encrypt#!4#!N+0g#!encrypt#!7#!NPy;`%h#!encrypt#!1#!
#!encrypt#!4#!N%Ti#!encrypt#!7#!b8 zGh{#!encrypt#!5#!NQffB#!encrypt#!4#!NPyR#!encrypt#!4#!N+0g#!encrypt#!5#!NQqkZ#!encrypt#!1#!
#!encrypt#!4#!N%Ti#!encrypt#!7#!b8 zGh{#!encrypt#!5#!NQffa#!encrypt#!5#!NQffB#!encrypt#!4#!N+0g#!encrypt#!4#!Nkyp#!encrypt#!1#!
#!encrypt#!4#!N%Ti#!encrypt#!7#!b8 zGh{#!encrypt#!5#!NQffm#!encrypt#!5#!NQffa#!encrypt#!4#!N+0g#!encrypt#!5#!Nkypa#!encrypt#!1#!
#!encrypt#!4#!N%Ti#!encrypt#!7#!b8 zGh{#!encrypt#!5#!NQffN#!encrypt#!5#!NQffm#!encrypt#!4#!N+0g#!encrypt#!5#!Nkypm#!encrypt#!1#!
#!encrypt#!4#!N%Ti#!encrypt#!7#!b8 zGh{#!encrypt#!5#!NQffL#!encrypt#!5#!NQffN#!encrypt#!4#!N+0g#!encrypt#!5#!NkypN#!encrypt#!1#!
#!encrypt#!4#!N%Ti#!encrypt#!8#!)xwzeo9Y#!encrypt#!5#!N{Ep(#!encrypt#!6#!N{<]2/#!encrypt#!1#!
#!encrypt#!4#!N%Ti#!encrypt#!8#!)xwzeo9Y#!encrypt#!5#!NoEp(#!encrypt#!6#!No<]2/#!encrypt#!1#!
#!encrypt#!73#!-T_Zn;^^D!LZY3<L&!d:LC&{ct:REUm#-T_Zn;^^D!LZY3<L&!d:LC&{ct:REUm#-T_Zn;^^
#!encrypt#!75#!~aH]8Vol]!T+`Tw>HN?]{oHx:t/V,.1J,d&iwp(%ZcbuI{`@jb_t>Yh-~5"Vt3gr>l40nXJQey
#!encrypt#!1#!
#!encrypt#!25#!

M*OZn:P\Yp>E.s,p#+a"0y
#!encrypt#!4#!N%Ti#!encrypt#!7#![kE*7^*#!encrypt#!3#!NTT#!encrypt#!3#!{t|#!encrypt#!5#!N{l]$#!encrypt#!5#!NJgf(#!encrypt#!1#!
#!encrypt#!73#!-T_Zn;^^D!LZY3<L&!d:LC&{ct:REUm#-T_Zn;^^D!LZY3<L&!d:LC&{ct:REUm#-T_Zn;^^
#!encrypt#!72#!N%Tip^?\=p?#I#'E9^#_);Gu2rytTA>r-%:)w1YLg!8 5u@4x-d]?#7_#W$R>[)rS( inVK
#!encrypt#!75#!~aH]8Vol]!T+`yw>HN?]{oHx:t/V,[1J,dIiwp(%ZcbuI{`@jb_t>Yk~~eSVMSgr>l40nXJQey
#!encrypt#!1#!
#!encrypt#!25#!

M*OZn:P\Yp>E.s,p#+ "0y
#!encrypt#!4#!N%Ti#!encrypt#!9#!>4ffq%G>l#!encrypt#!3#!NTT#!encrypt#!3#!68=#!encrypt#!5#!N{l]$#!encrypt#!8#!NJgf(?(:#!encrypt#!1#!
#!encrypt#!73#!-T_Zn;^^D!LZY3<L&!d:LC&{ct:REUm#-T_Zn;^^D!LZY3<L&!d:LC&{ct:REUm#-T_Zn;^^
#!encrypt#!77#!N%Tip^?\=p?#I#'E9^#^h4n`=_1\o4+'%%_iS$%'#>8ZI-=3=5;]L50-]^-e94mrR|TaGJ%^gv5g
#!encrypt#!75#!~aH]8Vol]!T+`yw>HN?]{oHx:t/V,[1J,doiwp(%ZcbuI{`@jb_t>YhW~eSV'hgr>l40nXJQey
#!encrypt#!1#!
#!encrypt#!25#!

M*OZn:P\Yp>E.s,p#+5"0y
#!encrypt#!4#!N%Ti#!encrypt#!13#!>4ffq|h )#Q#u#!encrypt#!3#!NTT#!encrypt#!3#!{t|#!encrypt#!10#!N{l]$=?@=Y#!encrypt#!6#!N{Y_7?#!encrypt#!1#!
#!encrypt#!73#!-T_Zn;^^D!LZY3<L&!d:LC&{ct:REUm#-T_Zn;^^D!LZY3<L&!d:LC&{ct:REUm#-T_Zn;^^
#!encrypt#!81#!N%Tip^?\=p?#I#'E9^#^h4n`Vc|{K:*aP%=3SV^g#,8SHMxL`PN]uZ $c^m#o4Cg6%_iN$%77>8ZI-m0
#!encrypt#!75#!~aH]8Vol]!T+`-w>HNy]{oHx:t/V,#1J,duiwp(%ZcbuI{`@jb_t>Yh-~V"VV3gr>l40nXJQey
#!encrypt#!1#!
#!encrypt#!25#!

M*OZn:P\Yp>E.s,p#+$"0y
#!encrypt#!4#!N%Ti#!encrypt#!16#![kE*7^*f(vVgGE%l#!encrypt#!3#!NTT#!encrypt#!3#!{t|#!encrypt#!8#!NJgf(?(:#!encrypt#!6#!N{Y_7?#!encrypt#!1#!
#!encrypt#!73#!-T_Zn;^^D!LZY3<L&!d:LC&{ct:REUm#-T_Zn;^^D!LZY3<L&!d:LC&{ct:REUm#-T_Zn;^^
#!encrypt#!81#!N%Tip^?\=p?#I#'E9^#_);Gu2rgbM|@"hlq)w4 sg!835uW4x-d]?#7)oW$R>[)r5( inVKjg?+/I3x>
#!encrypt#!75#!~aH]8Vol]!T+`yw>HNy]{oHx:t/V,[1J,duiwp(%ZcbuI{`@jb_t>YhW~eSV'hgr>l40nXJQey
#!encrypt#!1#!
#!encrypt#!25#!

M*OZn:P\Yp>E.s,p##?"0y
#!encrypt#!4#!N%Ti#!encrypt#!6#!t([J6o#!encrypt#!3#!N~ #!encrypt#!1#!A#!encrypt#!10#!Nol]$=K]5^#!encrypt#!1#!/#!encrypt#!14#!Nol]$=K]5^M|pC#!encrypt#!5#!Nol]$#!encrypt#!1#!A#!encrypt#!2#!N&#!encrypt#!1#!/#!encrypt#!13#!NoGkVZo\}c)lX#!encrypt#!1#!A#!encrypt#!2#!NV#!encrypt#!1#!/#!encrypt#!13#!NoGkVZo\}c)lX#!encrypt#!1#!A#!encrypt#!2#!Nq#!encrypt#!1#!/#!encrypt#!6#!N{<]2/#!encrypt#!1#!A#!encrypt#!2#!Nj#!encrypt#!1#!/#!encrypt#!1#!
#!encrypt#!4#!N%Ti#!encrypt#!6#!t([J6o#!encrypt#!3#!N~:#!encrypt#!1#!A#!encrypt#!10#!N{l]$=K]5^#!encrypt#!1#!/#!encrypt#!14#!N{l]$=K]5^M|pC#!encrypt#!5#!N{l]$#!encrypt#!1#!A#!encrypt#!2#!N&#!encrypt#!1#!/#!encrypt#!13#!N{GkVZo\}c)lX#!encrypt#!1#!A#!encrypt#!2#!NV#!encrypt#!1#!/#!encrypt#!13#!N{GkVZo\}c)lX#!encrypt#!1#!A#!encrypt#!2#!Nq#!encrypt#!1#!/#!encrypt#!6#!No<]2/#!encrypt#!1#!A#!encrypt#!2#!Nj#!encrypt#!1#!/#!encrypt#!1#!
#!encrypt#!4#!N%Ti#!encrypt#!6#!t([J6o#!encrypt#!3#!N~:#!encrypt#!1#!A#!encrypt#!14#!N{l]$=K]5^MTP5#!encrypt#!1#!/#!encrypt#!17#!NJgf(?(:U smx`d n#!encrypt#!8#!NJgf(?(:#!encrypt#!1#!A#!encrypt#!2#!N&#!encrypt#!1#!/#!encrypt#!13#!N{GkVZo\}c)lX#!encrypt#!1#!A#!encrypt#!2#!NB#!encrypt#!1#!/#!encrypt#!13#!N{GkVZo\}c)lX#!encrypt#!1#!A#!encrypt#!2#!Nq#!encrypt#!1#!/#!encrypt#!6#!No<]2/#!encrypt#!1#!A#!encrypt#!2#!Nj#!encrypt#!1#!/#!encrypt#!1#!
#!encrypt#!73#!-T_Zn;^^D!LZY3<L&!d:LC&{ct:REUm#-T_Zn;^^D!LZY3<L&!d:LC&{ct:REUm#-T_Zn;^^
#!encrypt#!26#!

|qXD9!g'+Hf'YMIqoc{Yo*0
#!encrypt#!20#!m3yfOVs!nEqq:uV@H-

#!encrypt#!79#!N%Ti2P[\=xMqH$T4?Wy+p>-$=_qtvr ?hOE]<$%@yjQn9<.x`XM]U*2xZATyr<XrL{E_&K"\xxA.99
#!encrypt#!79#!N%Ti2P[\=xMqH$T4?Wy+pc0$=_qtvr ?hOE]<$%@yjQn9<.x`XM]U*2xZATyr<XrL{E_&K"\xxA.99
#!encrypt#!75#!~aH]8Vol]!T+`iw>HNB]{oHx:t/V,R1J,G&iwp(%ZcbuI{`@jb_t>YhW~V"V'hgr>l40nXJQey
#!encrypt#!1#!
