********************************************************************************
db2gds 22.14-s007 64 bit (Tue Jan 31 16:35:56 PST 2023)
Build Ref No.: 031 Release Candidate (01-31-2023) [2214_pgs]

Copyright 2023 Cadence Design Systems, Inc.
All rights reserved worldwide.

Build O/S:       Linux x86_64 3.10.0-693.el7.x86_64
Executed on:     c111-9.EECS.Berkeley.EDU (Linux x86_64 4.18.0-553.22.1.el8_10.x86_64)
Process Id:      4127937
Starting Time:   Sat Nov  2 23:32:59 2024 (Sun Nov  3 06:32:59 2024 GMT)
With parameters: strong_arm_4126247 ./strong_arm.agf strong_arm -lmap lmapMh8qxq -netmap ./strong_arm.lnn -property_nqrc -gds_scale 1000 -vircolon 
********************************************************************************

Library name: strong_arm_4126247
GDSII file name: ./strong_arm.agf
Cells to be written out: strong_arm
Source Library: strong_arm_4126247
Layer mapping file(GDS <- DMC): lmapMh8qxq
    9 (dt:0 tt:0) <- 9
    23 (dt:0 tt:0) <- 23
    25 (dt:0 tt:0) <- 25
    26 (dt:0 tt:0) <- 26
    27 (dt:0 tt:0) <- 27
    28 (dt:0 tt:0) <- 28
    29 (dt:0 tt:0) <- 29
    8 (dt:0 tt:0) <- 8
    10 (dt:0 tt:0) <- 10
    13 (dt:0 tt:0) <- 13
    16 (dt:0 tt:0) <- 16
    17 (dt:0 tt:0) <- 17
    20 (dt:0 tt:0) <- 20
    22 (dt:0 tt:0) <- 22
    30 (dt:0 tt:0) <- 30
    1 (dt:0 tt:0) <- 1
    4 (dt:0 tt:0) <- 4
    11 (dt:0 tt:0) <- 11
    14 (dt:0 tt:0) <- 14
    15 (dt:0 tt:0) <- 15
    18 (dt:0 tt:0) <- 18
    19 (dt:0 tt:0) <- 19
    35 (dt:0 tt:0) <- 35
    2 (dt:0 tt:0) <- 2
    31 (dt:0 tt:0) <- 31
    32 (dt:0 tt:0) <- 32
    33 (dt:0 tt:0) <- 33
    34 (dt:0 tt:0) <- 34
Cell name case: PRESERVE
Option: output object property for new qrc flow


                Object Statistics of Cells                            
Cell Name         Box  Polygon     Path   Label Instance Array    Total
----------------------------------------------------------------------
strong_arm         20        6        0       0     2      0        28
strong_arm_half       83       11        0       0    20      0       114
ptap_tile          26        0        0       0     0      0        26
ntap_tile          26        0        0       0     0      0        26
two_finger_mos_tile       76        1        0       0     0      0        77
two_finger_mos_tile_1       28        1        0       0     0      0        29
two_finger_mos_tile_2      115        1        0       0     0      0       116
two_finger_mos_tile_3       28        1        0       0     0      0        29
two_finger_mos_tile_4       22        1        0       0     0      0        23
----------------------------------------------------------------------

Object Statistics of Layers
Layer   Objects
----------------
   1           6
   2          15
   4           4
   9           5
  11           1
  14           1
  15           6
  16           5
  17          29
  18           9
  19           2
  20          76
  22           3
  23         223
  25          31
  26          12
  30           8
  31           6
  33           4
----------------

Object Summary
------------------
     Box       424
 Polygon        22
    Path         0
   Label         0
Instance        22
   Array         0
------------------
   Total       468


Output property: 468
Total CPU Time          : 0(s)
Total Real Time         : 0(s)
Peak Memory Used        : 7(M)
