\o Program:		@(#)$CDS: libManager version 6.1.8 - CAT37 01/17/2024 18:07 (csvcm36c-7) $
\o Sub version:		sub-version  s353 
\o Arguments:		-unmapped -mpssession virtuoso2424584 -mpshost eda-1.EECS.Berkeley.EDU 
\o Working Directory:	eda-1.EECS.Berkeley.EDU:/home/aa/users/cs199-apt/cadence/sky130_virtuoso
\o 64-bit offsets
\o Qt version: 		5.9.1
\o MPS virtuoso types registered: 65
\o changeWorkingDir("/home/aa/users/cs199-apt/cadence/sky130_virtuoso") unnecessary.
\o ddSetForcedLib("") unnecessary.
\o Log file is "/home/aa/users/cs199-apt/cadence/sky130_virtuoso/libManager.log".
\o Opening libManager window.
\a nrSetWindowVisibility(cdsLibManager "show")
\o MPS service: map window
\o Library Manager customization server connected.
\a nrSetCurrentWindow(cdsLibManager)
\w Warning: LIB sky130_fd_sc_hd from File /home/aa/users/cs199-apt/cadence/sky130_virtuoso/cds.lib Line 4 redefines
\w LIB sky130_fd_sc_hd from the same file (defined earlier.)
\w Warning: LIB DigitalLDOLogic from File /home/aa/users/cs199-apt/cadence/sky130_virtuoso/cds.lib Line 23 redefines
\w LIB DigitalLDOLogic from the same file (defined earlier.)
\w Warning: The directory: '/home/aa/users/cs199-apt/cadence/sky130_virtuoso/360tail' does not exist
\w 	but was defined in libFile '/home/aa/users/cs199-apt/cadence/sky130_virtuoso/cds.lib' for Lib '360tail'.
\a nrResizeWindow(cdsLibManager list(446 65 602 491))
\a cdsLibManager->libListBox->value = "tutorial_layout"
\a cdsLibManager->libLineEdit->value = "tutorial_layout"
\a cdsLibManager->libListBox->value = "sky130_fd_pr_main"
\a cdsLibManager->libLineEdit->value = "sky130_fd_pr_main"
\a cdsLibManager->libListBox->value = "sky130_fd_sc_hd"
\a cdsLibManager->libLineEdit->value = "sky130_fd_sc_hd"
\a cdsLibManager->libListBox->value = "DigitalLDOLogic"
\a cdsLibManager->libLineEdit->value = "DigitalLDOLogic"
\a cdsLibManager->libListBox->value = "avTech"
\a cdsLibManager->libLineEdit->value = "avTech"
\a cdsLibManager->libLineEdit->value = ""
\a cdsLibManager->libListBox->value = nil
\a cdsLibManager->libListBox->value = "cdsDefTechLib"
\a cdsLibManager->libLineEdit->value = "cdsDefTechLib"
\a nrSetWindowVisibility(cdsLibManager "hide")
\a _lmgrCloseIconify("cdsLibManager" 1)
\a nrSetWindowVisibility(cdsLibManager "show")
\a nrSetCurrentWindow(cdsLibManager)
\a nrSetWindowVisibility(cdsLibManager "hide")
\a _lmgrCloseIconify("cdsLibManager" 1)
\a nrSetWindowVisibility(cdsLibManager "show")
\o MPS service: map window
\a nrSetCurrentWindow(cdsLibManager)
\a cdsLibManager->libListBox->value = "DigitalLDOLogic"
\a cdsLibManager->libLineEdit->value = "DigitalLDOLogic"
\a cdsLibManager->libListBox->value = "sky130_fd_pr_main"
\a cdsLibManager->libLineEdit->value = "sky130_fd_pr_main"
\a cdsLibManager->libListBox->value = "sky130_fd_sc_hd"
\a cdsLibManager->libLineEdit->value = "sky130_fd_sc_hd"
\a cdsLibManager->libListBox->value = "sky130_fd_pr_main"
\a cdsLibManager->libLineEdit->value = "sky130_fd_pr_main"
\a cdsLibManager->libListBox->value = "sky130_fd_sc_hd"
\a cdsLibManager->libLineEdit->value = "sky130_fd_sc_hd"
\a cdsLibManager->libListBox->value = "sky130_fd_pr_main"
\a cdsLibManager->libLineEdit->value = "sky130_fd_pr_main"
\a lmgrLogShowPopup("mainListPopup0" 50 110 2 "sky130_fd_pr_main")
\a nrSetWindowVisibility(cdsLibManager "hide")
\a _lmgrCloseIconify("cdsLibManager" 1)
\o MPS service: shutdown
\o libManager is exiting.
\a exit(0)
