********************************************************************************
Product   : Virtuoso(R) XStream Out
Program   : @(#)$CDS: strmout version 6.1.8-64b 01/30/2024 20:01 (cpgbld02) $
          : sub-version  IC6.1.8-64b.500.35 
Started at: 12-Jan-2025  00:29:02
User Name : cs199-apt
Host Name : eda-1.EECS.Berkeley.EDU
Directory : /home/aa/users/cs199-apt/cadence/sky130_virtuoso
CADENCE Design Systems, Inc.
********************************************************************************
Info: Cellview Rev Num:99,  Tech Rev Num:59

WARNING (XSTRM-20): Output Stream file 'inverter.gds' already exists. It will be overwritten.
INFO (XSTRM-217): Reading the layer map file, /home/ff/eecs251b/sky130/sky130_cds/sky130_release_0.0.1/libs/sky130_fd_pr_main/sky130_fd_pr_main.layermap
INFO (XSTRM-162): You have not used the '-viaMap' option. If the OpenAccess design has native oaVia instances, use the '-viaMap' option for preserving oaVia instances in a XStream Out - XStream In round trip. Using the '-viaMap' option improves performance and VM usage of applications using the Streamed-In design.

Summary of Options :
library                                 inverter
strmFile                                inverter.gds
topCell                                 inverter
view                                    layout
logFile                                 strmOut.log
layerMap                                /home/ff/eecs251b/sky130/sky130_cds/sky130_release_0.0.1/libs/sky130_fd_pr_main/sky130_fd_pr_main.layermap
case                                    Preserve
convertDot                              node

INFO (XSTRM-223): 1. Translating stdVia sky130_fd_pr_main/L1M1_C/layout as STRUCTURE L1M1_C_CDNS_736670542250.
INFO (XSTRM-223): 2. Translating stdVia sky130_fd_pr_main/M1M2_C/layout as STRUCTURE M1M2_C_CDNS_736670542251.
INFO (XSTRM-223): 3. Translating cellView inverter/nfet_01v8_CDNS_730310354533/layout as STRUCTURE nfet_01v8_CDNS_730310354533.
INFO (XSTRM-223): 4. Translating cellView inverter/pfet_01v8_CDNS_730310354534/layout as STRUCTURE pfet_01v8_CDNS_730310354534.
INFO (XSTRM-223): 5. Translating cellView inverter/polyConn_CDNS_730310354530/layout as STRUCTURE polyConn_CDNS_730310354530.
INFO (XSTRM-223): 6. Translating cellView inverter/nwellTap_CDNS_730310354531/layout as STRUCTURE nwellTap_CDNS_730310354531.
INFO (XSTRM-223): 7. Translating cellView inverter/subTap_CDNS_730310354532/layout as STRUCTURE subTap_CDNS_730310354532.
INFO (XSTRM-223): 8. Translating cellView inverter/inverter/layout as STRUCTURE inverter.

Summary of Objects Translated:
	Scalar Instances:                       5
	Array Instances:                        0
	Polygons:                               0
	Paths:                                  0
	Rectangles:                             83
	Lines:                                  0
	Arcs:                                   0
	Donuts:                                 0
	Dots:                                   0
	Ellipses:                               0
	Boundaries:                             0
	Area Blockages:                         0
	Layer Blockages:                        0
	Area Halos:                             0
	Markers:                                0
	Rows:                                   0
	Standard Vias                           5
	Custom Vias:                            0
	CdsGen Vias:                            0
	Pathsegs:                               0
	Text:                                   4
	TextDisplay:                            0
	Cells:                                  8

Elapsed Time: 0.4s   User Time: 0.1s   CPU Time: 0.1s   Peak VM: 4024KB
INFO (XSTRM-234): Translation completed. '0' error(s) and '1' warning(s) found.
