#!encrypt#!1573#!Ei9@07F1K5S@3^li"~R01i(=}yUpym^uEi9@07F1K5S@3^li"~R01i(=}yUpym^uEi9@07F1K5S@3^li
5miVjMd0wlVM3%<!;oiQe%mP/86Q6%3PSc]#p7#A/mkHhzr%V=ia|dw<
<.E#z3d*t]ODo]0Sm$>2*oQOJ]whn5xX`n9Rx6jPX#,lhy;uptFRepRXh/Tl

 \BR}<D7Y-Lup'7>GH+L%rg$QBy/ZVtet/,:THxM]j1
_w4$sAW!pyg@QBf$/^Bg{\Q1UpUj9D

P1[Nr^XWXagrN%TiwBA5]68,x}K,m-)\,7oyfV"Z=rR4,2ujqnP
76,(m5%j`}cI{57$0 <$M@](@((m4N(>rj=#J91fR-b/FnM:04.lK%KrR7&c4|8}W8pv49R@9up{,7o:yVgltl
:h<q]Td%Vxu8pIux3mPDZc'=
<rOspg ONFy"O'%gga)eIM.R`-L]p'W#V/l#>RY`R%]mV%%LZ<8p/u~,'PDIpk7-VwEth-+=
!yf3VMF=pe#9Rd:'-X4;;HRG q:drg> <`.<K+gahA:p+'m3:MeRjpX(c"jkJPqcc4PO%o\aJ}R2=~Q{XeE/Dt!~%|YMeP?aOJ\Tsh$S 947im>(j<Z,lU*#LQS=$*@*l-]xkQ3EF#4`-$Pj-XdF:ixqk$gS:."dOEpws6 tx~1EC%x>*3LD:X!=r_L]rg>C<p$Y^_[x_8+Z+Z*l}cir}~(JJ#tkJ6qLQ4fYf%Amh,([`ZlZ*~$NVX$f%OGGT:"7<h.Y^6ygSRx9aGQN\t]6Nid03\``r1EovpIOZ7=mJsaa&'.YMg$U42X23w%l#qcuky$$cGoZM;e}aXC}Se<<Nid0-w`]:.?u#M*qw(ydxa.T5.g}KtC{l~k=P;:(416LQf6{PTCtjQxoCZJUcX$D;pXGH+L%r1<*^&Or=D#=/RJTawA{7<]6HG$Iw$gU4Yc!I.ba`&9Jqs_$V$>=N,Sp2s P5)b38eJxI.Ga)&$SAHqyVm=rWwU#%PM6Lcb}3ecx.}GmoQw0%P%_{;b|g{j TvMXV)$}3epxG'?|oQ7S$Piay;b$b:u#sU@;<cB<K'ptx.uLCQ}JvPFaSm>[I:+ae<@;u)Z3$z^xI'jmCs7:8PKR{jG|c:-pTPYVVmk73'pbE.bm)&<0TH\xQm=r=/b#M<7;5cB<KzQbE.uLC&vJ 5vaqm>[I:%p'P7X[mE<tep]('7QNNwSDHK_QjGUb:S#>fM6c)'3SeJxY.ca|s!(TC LQ;>Ue:3#Mf@6xSbi$kcw;.&aIQ7S?P4xQmtUe/t#]<y\5ceRQq$x[(RanJB0?9 LQm[rN:3#Mf@6xSbi$kcw;.cm<Q3S%C LQR>1b,S,%P $cEZV%'4].K&r|V7?18<=aG 3\tJ&4XdI\<WDJeCc{Y0q?A51_Ix[oRPj"gLK"tK|cmbK1i? aH.#^6\1J,O`JRJO=_^&NId`J{Ye=kC!Xe]/|KW:U=mT9LR\-
01i(=}yUpym^uEi9@07F1K5S@3^li"~R01i(=}yUpym^uEi9@07F1K5S@3^li"~R01i(=}yUpym^uEi9

#!encrypt#!2050#!
`VA^tq`vPXk%er;*f-k0XE^u>I44*yW"`VA^tq`vPXk%er;*f-k0XE^u>I44*yW"`VA^tq`v
!#9u3]>3#4;[/$JYd
4*yW"`VA^tq`vPXk%er;*f-k0XE^u>I44*yW"`VA^tq`vPXk%er;*f-k0XE^u>I44*yW"`VA
hYagXYGz]
3`-#<vHHN0dO\:4grN%T'wVhw+h8yp[xM]3m"nEZ$B_1K.C?=NaA-B0JW(
8pIu\.q-KY(57$0^$t>4|rNfK&rkKW(
8pIu\mnQm]KV8e0^$t>4|rNEIcQe%6G
8pIuL7t7z2Vw7X%1+Y>4|rNfO
wV%gd\Eluch3n}eeK57$d^$Z'
grN%,g(^+A+hQ#{XUxG-i!

]eZ_1G>g mLe
iwV%OSH9gquL7t7z2Vw7(2zksl4x!C#4~2^BQ

8pIuT QOiEVwW$0^$t>4zQp[u?QX%-G
8pIuT QIee&d7$0^$t>4$Q;[AcQe%-G
8pIuT QoV$FwIQ:R%t>4zppEo7mu%-G
8pIuosC\mvKd7$0^$t>4grN%buBn%-G
8pIuvmnQmL@57$0^$t>4g4R[t&aX%-G
8pIu[TWn,$^OH,d^$t>4grN%Tiw|%-G
8pIu!lYXVe@57$0^$t>4gQ0GARLu%-G
8pIuixWjh4)4W$0^$t>4gC0fo%Ne%-G
8pIu!lYXVen}2!=s%t>4gppwoR u%-G
8pIuixWjh4)4!x=_tIH4gp0GOur|%-G
8pIu!lYXVen[[N2s%t>4gCx.&uQ|%-G
8pIuixWjh4)4!uh%+IH4gp].tcNe%-G
8pIuJx9Cz2N}TN2/$t>4gr0;unBu%-G
8pIuTA!jaeUd7$0^$t>4grN%Tiw|%-G
8pIu[TWn$TN}4]0^$t>4gJ0[OOr|%-G
8pIu[TWn{v&4W$0^$t>4gJ0[OOr|%-G
8pIuq&l3EI{57$0^$t>4grN%TR|n%-G
8pIu{/03m=Vu%]0^$t>4grN%Tiw|%-G
8pIu!x!.u$W4t]0^$t>4grx[IOBn%-G
8pIuTm,nmL@57$0^$t>4grR;8umu%-G
8pIu[7Q*~I{57$0^$t>4gp9G&&JX%-G
8pIus^9jY$FfIQ:R%t>4gr;fbOQ|%-G
8pIu[AWk>]{57$0^$t>4grxYOuNX%-G
8pIu[^9jY$FfIQ:R%t>4gr;fbOQ|%-G
8pIu[{]^m23}[(d^$t>4grVd&?JX%-G
8pIus l.m"';IX9/$t>4grNIO%a|%-G
8pIugmG*$$EwHdd^$t>4grNd&cJX%-G
8pIuYbk".!K;IQ:R%t>4grN%Tiw|%-G
8pIuo]q.ge@57$0^$t>4grN%Tiw|%-G
8pIu{/03m=Vu%DZ'%t>4grN%Tiw|%-G
8pIuv]Q?zEwVYAq/$t>4qVxdb?Je%-G
8pIuv]Q?zEN4i`^g%t>4gVVYojQX%-G
8pIuHgWuYT^Q/1G%%t>4qJVGA%mX)O0x}t
ux3`G~$3w/XmJ+PH4grN%TRLeVOex}t
ux3`G~$3w/XB*DLeagrN%TiwV%g(x}t
ux3`5mv^JM]0^$t>4grN%Tim|)w?x}t
ux3`<8vU,IR2xks(TPqQ)PiwV%g(x}t
ux3`ocT;xM42aOq:y|rN%T?m|PwJx}t
ux3`(G<&f}k[RZyvr!;N%TRr|)}Jx}t
ux3`(G<&fq(rhOisrb;N%TiwV%g(x}t
ux3`Iz"&xM42aOq:y|rN%TiwV%g(x}t
ux3`Iz"&ZY,*k#i:Y|rN%TiwV%g(x}t
ux3`<%i&ZI42JgvG&OoK%TiwV%g(
8pIuWsG*u$W4t`$1+KH4grN%Tiw|
ggx8Smn%4W@m8rEtcr/$t>4grN%K
wV%g;~E#HcD >"2dRJW$0^$t>4gc
%Tiw1CR%w)dp1Uz9p#]{57$0w/*<4r&
%Tiw1CR%/=Dtux3`-#]{57$0^$t,4r&
%Tiw<A>%S??{Y$N'-#]{57lXecj{4r&
%Tiw<A>%S??{YmF'-#]{p$UI<)*<4r&
%Tiw<A>%S??{YR-'-#]{<U-yu/''4r&

#!encrypt#!74#!
`VA^tq`vPXk%er;*f-k0XE^u>I44*yW"`VA^tq`vPXk%er;*f-k0XE^u>I44*yW"`VA^tq`v
#!encrypt#!25#!slEiO%D#=\Y:p[#30.tT{Yo*
#!encrypt#!73#!"`VA^tq`vPXk%er;*f-k0XE^u>I44*yW"`VA^tq`vPXk%er;*f-k0XE^u>I44*yW"`VA^tq`
#!encrypt#!93#!@t[iXx/?geq$Ghihdo@H{C7\(*Os:ex!C#JvHqoFxjY(p+g2po2K'Yh-JcEV,[YLCJ4$Oq6#^M?(K5^?j/1lc"nX:5dl
#!encrypt#!86#!@t[iXx/?geq$-`uM1J:575&$~J\y(r10?BEIH2T[1m,huRw4[>:A\qo-;Y<*=[YccB,p#^TyP;Ieu#e?j/1t?
#!encrypt#!522#!@t[iXx/?geq$dmo4gO\]L5pdUk1K#g <7B<vFwn0%.a#ov1-g(.A<kh*Iedb,[1<[Oe]F/AmaX?(K+;@mD<]ejDxsR{:"y:<iA%;{g(5mjI3r'!+R(1+pYkLJS/b#yHEhl%~K>T:m_0:K+;@O-_8A}~e~AtYpyIGcc4PO%o\a4+yR"J+HWL\,<oyVS{YxJi?cPyXF~oydXm<29R0`MM_VoH\hdw7_GIL.OY]Zw(=#A!X:F[@OW1ZcY=yV3q`G<!( oNcQqM\Vp;.T+&&]MytEVn\JY{V=e}(c726Tfn>%M=lb+U*nu_#<<o#03w!z:*LqoJfT2L=mp`#XC%?e)4j'I.*;wd$tbYc!vEk`/7Qd.0gh+L GSMdK"TA=3)*Pg:L,7%}4q'QaUp<Tt'/9MY4E"nX:47h#S}`NvJ1{Z(=P.;eTpE?nSje;uH\oLK;X)f(pf2RNkKW(M?Jz#Z@\.Q3a"Ge[kwr_e\0?vI7?K*=zUI+Z+V@3D1JKOIR23b:Pe:a PyXFC'])
#!encrypt#!141#!@t[iXx/?g4+yR"J+}5H/r\`5_[f@>UgLCJ4$OqA5t/;{!+\mN*c2&"q "[VwXbe`,IO}r|K=+\A1T9hx;/yJD4+x(&wWPg L9d0_$q'QaUp<Z9w49@88/jpQhd{ltExqclE;F"Dya/a1
#!encrypt#!145#!@t[iXx/?g4+yR"J+}OH/r\`5_[f@>UgLCJ4$OqA5t/;{!+\mN*c2&"q "[VwXbe`,IO}r|K=+\A1T9hx;/yJD4+x(&wWPg L9d0_$q'QaUp<Z9w49@88/jpQhd{ltExqclE;F"+\ycA(o5\A
#!encrypt#!163#!@t[iXx/?g4+yR"J+}rHArMftWxR2}7?"+b'Di! gDxIx=cd 3Xc8Nj"3~ OP:}.?c@}Mi.}_zD5+2{V>jb_EvD4dJ%tX<%1bQD4IVdTmP.I%7GU*3D1J<Yp*J3ZKvJ!.Cv0_Zq>v^X?<p5\?\CM{U4AA5RgPDX1q.P
#!encrypt#!1#!
[WARN] The option -license_dp_continue is not available in this product.
#!encrypt#!42#!
V*MgJ{g1Sa#65%jH-uvvN~xZ^_Y>g qQ3e\(~(0z
#!encrypt#!2#!

#!encrypt#!28#!6lE~Kd*g%6?|{C#&!.#CFn[dUR;t#!encrypt#!39#!o}mk#}nydnpp:c#3x}V]{k7-6/<bHRerp;t7


