********************************************************************************
db2gds 22.14-s007 64 bit (Tue Jan 31 16:35:56 PST 2023)
Build Ref No.: 031 Release Candidate (01-31-2023) [2214_pgs]

Copyright 2023 Cadence Design Systems, Inc.
All rights reserved worldwide.

Build O/S:       Linux x86_64 3.10.0-693.el7.x86_64
Executed on:     c111-12.EECS.Berkeley.EDU (Linux x86_64 4.18.0-553.22.1.el8_10.x86_64)
Process Id:      1803267
Starting Time:   Thu Oct 24 22:39:50 2024 (Fri Oct 25 05:39:50 2024 GMT)
With parameters: pass_transistors_1801527 ./pass_transistors.agf pass_transistors -lmap lmapACdOiA -netmap ./pass_transistors.lnn -property_nqrc -gds_scale 1000 -vircolon 
********************************************************************************

Library name: pass_transistors_1801527
GDSII file name: ./pass_transistors.agf
Cells to be written out: pass_transistors
Source Library: pass_transistors_1801527
Layer mapping file(GDS <- DMC): lmapACdOiA
    9 (dt:0 tt:0) <- 9
    23 (dt:0 tt:0) <- 23
    25 (dt:0 tt:0) <- 25
    26 (dt:0 tt:0) <- 26
    27 (dt:0 tt:0) <- 27
    28 (dt:0 tt:0) <- 28
    29 (dt:0 tt:0) <- 29
    8 (dt:0 tt:0) <- 8
    10 (dt:0 tt:0) <- 10
    13 (dt:0 tt:0) <- 13
    16 (dt:0 tt:0) <- 16
    17 (dt:0 tt:0) <- 17
    20 (dt:0 tt:0) <- 20
    22 (dt:0 tt:0) <- 22
    30 (dt:0 tt:0) <- 30
    1 (dt:0 tt:0) <- 1
    4 (dt:0 tt:0) <- 4
    11 (dt:0 tt:0) <- 11
    14 (dt:0 tt:0) <- 14
    15 (dt:0 tt:0) <- 15
    18 (dt:0 tt:0) <- 18
    19 (dt:0 tt:0) <- 19
    35 (dt:0 tt:0) <- 35
    2 (dt:0 tt:0) <- 2
    31 (dt:0 tt:0) <- 31
    32 (dt:0 tt:0) <- 32
    33 (dt:0 tt:0) <- 33
    34 (dt:0 tt:0) <- 34
Cell name case: PRESERVE
Option: output object property for new qrc flow


                Object Statistics of Cells                            
Cell Name         Box  Polygon     Path   Label Instance Array    Total
----------------------------------------------------------------------
pass_transistors      200        5        0       0   160      0       365
polyConn_CDNS_729834768420        5        0        0       0     0      0         5
M1M2_C_CDNS_729834768420        4        0        0       0     0      0         4
L1M1_C_CDNS_729834768421        3        0        0       0     0      0         3
nwellTap_CDNS_729834768421        9        0        0       0     0      0         9
nwellTap_CDNS_729834768422        9        0        0       0     0      0         9
pfet_01v8_CDNS_729834768423       16        0        0       0     0      0        16
MASCO__A1           6        0        0       0     2      0         8
----------------------------------------------------------------------

Object Statistics of Layers
Layer   Objects
----------------
   2           2
   4           1
   9          36
  11           2
  15           2
  16           3
  17          73
  19           2
  20         104
  22          11
  23          11
  25           6
  26           2
  30           1
  33           1
----------------

Object Summary
------------------
     Box       252
 Polygon         5
    Path         0
   Label         0
Instance       162
   Array         0
------------------
   Total       419


Output property: 419
Total CPU Time          : 0(s)
Total Real Time         : 0(s)
Peak Memory Used        : 7(M)
