[Simulation Monitor: 2]
[2025-06-26 23:25:59.311 -0700] [PROCESS] [cadence.virtuoso.ade.simulationMonitor] - Simulation Monitor has successfully started up. Trying to set up communication channels to other components ... {"hostname": "eda-3.EECS.Berkeley.EDU", "processid": 1698975, "logfile": "/home/aa/users/cs199-apt/cadence/sky130_virtuoso/logs_cs199-apt/logs0/Job2.log"}
[2025-06-26 23:25:59.313 -0700] [PROCESS] [cadence.virtuoso.ade.simulationMonitor] - Communication channels have been successfully set up. Start processing events ... {"hostname": "eda-3.EECS.Berkeley.EDU", "processid": 1698975, "logfile": "/home/aa/users/cs199-apt/cadence/sky130_virtuoso/logs_cs199-apt/logs0/Job2.log"}
[2025-06-26 23:25:59.313 -0700] [PROCESS] [cadence.virtuoso.ade.simulationMonitor] - Considering to start history {"hostname": "eda-3.EECS.Berkeley.EDU", "processid": 1698975, "history": "ExplorerRun.0", "logfile": "/home/aa/users/cs199-apt/cadence/sky130_virtuoso/logs_cs199-apt/logs0/Job2.log"}
[2025-06-26 23:25:59.319 -0700] [PROCESS] [cadence.virtuoso.ade.simulationMonitor] - HostInfo:
Host name (type):	eda-3.EECS.Berkeley.EDU (x86_64)
Operating system:	Linux 4.18.0-553.56.1.el8_10.x86_64 #1 SMP Mon Jun 2 12:33:13 EDT 2025 {"hostname": "eda-3.EECS.Berkeley.EDU", "processid": 1698975, "history": "ExplorerRun.0", "logfile": "/home/aa/users/cs199-apt/cadence/sky130_virtuoso/logs_cs199-apt/logs0/Job2.log", "nodename": "eda-3.EECS.Berkeley.EDU", "domainname": "(none)", "machine": "x86_64", "sysname": "Linux", "release": "4.18.0-553.56.1.el8_10.x86_64", "version": "#1 SMP Mon Jun 2 12:33:13 EDT 2025"}
[2025-06-26 23:25:59.320 -0700] [PROCESS] [cadence.virtuoso.ade.simulationMonitor] - UsageInfo:
pid=1698975
totalPhysicalMemory=755.095352GB,Used=295.529163GB,totalVirtualMemory=787.095348GB,Used=295.536488GB
Cpu: Cores=96, Load average:0.280000,0.340000,0.260000 {"hostname": "eda-3.EECS.Berkeley.EDU", "processid": 1698975, "history": "ExplorerRun.0", "logfile": "/home/aa/users/cs199-apt/cadence/sky130_virtuoso/logs_cs199-apt/logs0/Job2.log", "pid": "1698975", "totalPhysicalMemory": "755.095352", "physicalMemoryUsed": "295.529163", "totalVirtualMemory": "787.095348", "virtualMemoryUsed": "295.536488", "cpuCores": "96", "processes": "1244", "loadAverage1": "0.280000", "loadAverage5": "0.340000", "loadAverage15": "0.260000", "loadAverage1Percent": "0.002917"}
[2025-06-26 23:25:59.322 -0700] [EVENT] [cadence.virtuoso.ade.simulationMonitor] - NewPoint {"history": "ExplorerRun.0", "point": 1, "testname": "ADC_strong_arm_tb_1", "cornername": "Nominal", "event": "NewPoint", "EventSource": "Simulation Monitor", "HistoryName": "ExplorerRun.0", "logFile": "/home/aa/users/cs199-apt/cadence/sky130_virtuoso/logs_cs199-apt/logs0/Job2.log", "logFileSize": "2378"}
[2025-06-26 23:25:59.425 -0700] [EVENT] [cadence.virtuoso.ade.simulationMonitor] - NewPoint {"history": "ExplorerRun.0", "point": 1, "testname": "ADC_strong_arm_tb_1", "cornername": "Nominal", "event": "NewPoint", "EventSource": "spectre", "HistoryName": "ExplorerRun.0", "logFile": "/home/aa/users/cs199-apt/simulation/ADC/strong_arm_tb/maestro/results/maestro/ExplorerRun.0/1/ADC_strong_arm_tb_1/psf/spectre.out", "logFileSize": "-1"}
[2025-06-26 23:25:59.450 -0700] [PROCESS] [cadence.virtuoso.ade.simulationMonitor] - Simulator launched {"hostname": "eda-3.EECS.Berkeley.EDU", "processid": 1698975, "history": "ExplorerRun.0", "testname": "ADC_strong_arm_tb_1", "cornername": "Nominal", "point": 1, "logfile": "/home/aa/users/cs199-apt/cadence/sky130_virtuoso/logs_cs199-apt/logs0/Job2.log", "simid": "1"}
[2025-06-26 23:25:59.455 -0700] [PROCESS] [cadence.virtuoso.ade.simulationMonitor] - Expression evaluator launched {"hostname": "eda-3.EECS.Berkeley.EDU", "processid": 1698975, "history": "ExplorerRun.0", "testname": "ADC_strong_arm_tb_1", "cornername": "Nominal", "point": 1, "logfile": "/home/aa/users/cs199-apt/cadence/sky130_virtuoso/logs_cs199-apt/logs0/Job2.log"}
[2025-06-26 23:25:59.564 -0700] [PROCESS] [cadence.virtuoso.ade.simulationMonitor] - Started Simulation {"hostname": "eda-3.EECS.Berkeley.EDU", "processid": 1698975, "history": "ExplorerRun.0", "testname": "ADC_strong_arm_tb_1", "cornername": "Nominal", "point": 1, "logfile": "/home/aa/users/cs199-apt/cadence/sky130_virtuoso/logs_cs199-apt/logs0/Job2.log", "event": "started", "task": "simulation"}
[2025-06-26 23:26:08.067 -0700] [INFO] [cadence.virtuoso.ade.simulationMonitor] - Peak resident memory used = 122 Mbytes. {"history": "ExplorerRun.0", "point": 1, "testname": "ADC_strong_arm_tb_1", "cornername": "Nominal"}
[2025-06-26 23:26:08.068 -0700] [ERROR] [cadence.virtuoso.ade.simulationMonitor] -     ERROR (SFE-23): "input.scs" 16: The instance `Minst0' is referencing an undefined model or subcircuit, `nfet_01v8'. Either include the file containing the definition of `nfet_01v8', or define `nfet_01v8' before running the simulation. {"history": "ExplorerRun.0", "point": 1, "testname": "ADC_strong_arm_tb_1", "cornername": "Nominal"}
[2025-06-26 23:26:08.068 -0700] [ERROR] [cadence.virtuoso.ade.simulationMonitor] -     ERROR (SFE-23): "input.scs" 18: The instance `Minst1' is referencing an undefined model or subcircuit, `nfet_01v8'. Either include the file containing the definition of `nfet_01v8', or define `nfet_01v8' before running the simulation. {"history": "ExplorerRun.0", "point": 1, "testname": "ADC_strong_arm_tb_1", "cornername": "Nominal"}
[2025-06-26 23:26:08.069 -0700] [ERROR] [cadence.virtuoso.ade.simulationMonitor] -     ERROR (SFE-23): "input.scs" 27: The instance `Minst0' is referencing an undefined model or subcircuit, `nfet_01v8'. Either include the file containing the definition of `nfet_01v8', or define `nfet_01v8' before running the simulation. {"history": "ExplorerRun.0", "point": 1, "testname": "ADC_strong_arm_tb_1", "cornername": "Nominal"}
[2025-06-26 23:26:08.069 -0700] [ERROR] [cadence.virtuoso.ade.simulationMonitor] -     ERROR (SFE-23): "input.scs" 29: The instance `Minst1' is referencing an undefined model or subcircuit, `nfet_01v8'. Either include the file containing the definition of `nfet_01v8', or define `nfet_01v8' before running the simulation. {"history": "ExplorerRun.0", "point": 1, "testname": "ADC_strong_arm_tb_1", "cornername": "Nominal"}
[2025-06-26 23:26:08.069 -0700] [ERROR] [cadence.virtuoso.ade.simulationMonitor] -     ERROR (SFE-23): "input.scs" 38: The instance `Minst0' is referencing an undefined model or subcircuit, `pfet_01v8'. Either include the file containing the definition of `pfet_01v8', or define `pfet_01v8' before running the simulation. {"history": "ExplorerRun.0", "point": 1, "testname": "ADC_strong_arm_tb_1", "cornername": "Nominal"}
[2025-06-26 23:26:08.069 -0700] [ERROR] [cadence.virtuoso.ade.simulationMonitor] -     ERROR (SFE-23): "input.scs" 40: The instance `Minst1' is referencing an undefined model or subcircuit, `pfet_01v8'. Either include the file containing the definition of `pfet_01v8', or define `pfet_01v8' before running the simulation. {"history": "ExplorerRun.0", "point": 1, "testname": "ADC_strong_arm_tb_1", "cornername": "Nominal"}
[2025-06-26 23:26:08.070 -0700] [ERROR] [cadence.virtuoso.ade.simulationMonitor] -     ERROR (SFE-23): "input.scs" 49: The instance `Minst0' is referencing an undefined model or subcircuit, `nfet_01v8'. Either include the file containing the definition of `nfet_01v8', or define `nfet_01v8' before running the simulation. {"history": "ExplorerRun.0", "point": 1, "testname": "ADC_strong_arm_tb_1", "cornername": "Nominal"}
[2025-06-26 23:26:08.070 -0700] [ERROR] [cadence.virtuoso.ade.simulationMonitor] -     ERROR (SFE-23): "input.scs" 51: The instance `Minst1' is referencing an undefined model or subcircuit, `nfet_01v8'. Either include the file containing the definition of `nfet_01v8', or define `nfet_01v8' before running the simulation. {"history": "ExplorerRun.0", "point": 1, "testname": "ADC_strong_arm_tb_1", "cornername": "Nominal"}
[2025-06-26 23:26:08.070 -0700] [ERROR] [cadence.virtuoso.ade.simulationMonitor] -     ERROR (SFE-23): "input.scs" 60: The instance `Minst0' is referencing an undefined model or subcircuit, `pfet_01v8'. Either include the file containing the definition of `pfet_01v8', or define `pfet_01v8' before running the simulation. {"history": "ExplorerRun.0", "point": 1, "testname": "ADC_strong_arm_tb_1", "cornername": "Nominal"}
[2025-06-26 23:26:08.070 -0700] [ERROR] [cadence.virtuoso.ade.simulationMonitor] -     ERROR (SFE-23): "input.scs" 62: The instance `Minst1' is referencing an undefined model or subcircuit, `pfet_01v8'. Either include the file containing the definition of `pfet_01v8', or define `pfet_01v8' before running the simulation. {"history": "ExplorerRun.0", "point": 1, "testname": "ADC_strong_arm_tb_1", "cornername": "Nominal"}
[2025-06-26 23:26:08.070 -0700] [WARN] [cadence.virtuoso.ade.simulationMonitor] -     WARNING (SFE-2649): Terminals of top-level instance `Xinst0', in file`input.scs', at line 73, are connected. Remove the instance and rerun the simulation. {"history": "ExplorerRun.0", "point": 1, "testname": "ADC_strong_arm_tb_1", "cornername": "Nominal"}
[2025-06-26 23:26:08.070 -0700] [WARN] [cadence.virtuoso.ade.simulationMonitor] -     WARNING (SFE-2649): Terminals of top-level instance `Xinst5', in file`input.scs', at line 79, are connected. Remove the instance and rerun the simulation. {"history": "ExplorerRun.0", "point": 1, "testname": "ADC_strong_arm_tb_1", "cornername": "Nominal"}
[2025-06-26 23:26:08.071 -0700] [WARN] [cadence.virtuoso.ade.simulationMonitor] -     WARNING (SFE-2649): Terminals of top-level instance `Xinst14', in file`input.scs', at line 85, are connected. Remove the instance and rerun the simulation. {"history": "ExplorerRun.0", "point": 1, "testname": "ADC_strong_arm_tb_1", "cornername": "Nominal"}
[2025-06-26 23:26:08.071 -0700] [WARN] [cadence.virtuoso.ade.simulationMonitor] -     WARNING (SFE-2649): Terminals of top-level instance `Xinst17', in file`input.scs', at line 87, are connected. Remove the instance and rerun the simulation. {"history": "ExplorerRun.0", "point": 1, "testname": "ADC_strong_arm_tb_1", "cornername": "Nominal"}
[2025-06-26 23:26:08.071 -0700] [WARN] [cadence.virtuoso.ade.simulationMonitor] -     WARNING (SFE-2649): Terminals of top-level instance `Xinst8', in file`input.scs', at line 99, are connected. Remove the instance and rerun the simulation.
        Further occurrences of this warning will be suppressed. {"history": "ExplorerRun.0", "point": 1, "testname": "ADC_strong_arm_tb_1", "cornername": "Nominal"}
[2025-06-26 23:26:08.071 -0700] [INFO] [cadence.virtuoso.ade.simulationMonitor] - Peak resident memory used = 135 Mbytes. {"history": "ExplorerRun.0", "point": 1, "testname": "ADC_strong_arm_tb_1", "cornername": "Nominal"}
[2025-06-26 23:26:08.071 -0700] [INFO] [cadence.virtuoso.ade.simulationMonitor] - Time used: CPU = 938 ms, elapsed = 4.48 s, util. = 20.9%. {"history": "ExplorerRun.0", "point": 1, "testname": "ADC_strong_arm_tb_1", "cornername": "Nominal"}
[2025-06-26 23:26:08.071 -0700] [INFO] [cadence.virtuoso.ade.simulationMonitor] - Time spent in licensing: elapsed = 108 ms. {"history": "ExplorerRun.0", "point": 1, "testname": "ADC_strong_arm_tb_1", "cornername": "Nominal"}
[2025-06-26 23:26:08.072 -0700] [INFO] [cadence.virtuoso.ade.simulationMonitor] - Peak memory used = 135 Mbytes. {"history": "ExplorerRun.0", "point": 1, "testname": "ADC_strong_arm_tb_1", "cornername": "Nominal"}
[2025-06-26 23:26:08.075 -0700] [PROCESS] [cadence.virtuoso.ade.simulationMonitor] - Simulation started at: 11:26:03 PM, Thur Jun 26, 2025, ended at: 11:26:07 PM, Thur Jun 26, 2025, with elapsed time (wall clock): 4.48 s. {"history": "ExplorerRun.0", "point": 1, "testname": "ADC_strong_arm_tb_1", "cornername": "Nominal"}
[2025-06-26 23:26:08.075 -0700] [PROCESS] [cadence.virtuoso.ade.simulationMonitor] - spectre completes with 10 errors, 6 warnings, and 0 notices. {"history": "ExplorerRun.0", "point": 1, "testname": "ADC_strong_arm_tb_1", "cornername": "Nominal"}
[2025-06-26 23:26:08.075 -0700] [FATAL] [cadence.virtuoso.ade.simulationMonitor] - spectre terminated prematurely due to fatal error. {"history": "ExplorerRun.0", "point": 1, "testname": "ADC_strong_arm_tb_1", "cornername": "Nominal"}
[2025-06-26 23:26:08.576 -0700] [PROCESS] [cadence.virtuoso.ade.simulationMonitor] - Finished simulating for one point {"hostname": "eda-3.EECS.Berkeley.EDU", "processid": 1698975, "history": "ExplorerRun.0", "testname": "ADC_strong_arm_tb_1", "cornername": "Nominal", "point": 1, "logfile": "/home/aa/users/cs199-apt/cadence/sky130_virtuoso/logs_cs199-apt/logs0/Job2.log", "simid": "1"}
[2025-06-26 23:26:08.577 -0700] [ERROR] [cadence.virtuoso.ade.simulationMonitor] - While simulating run ExplorerRun.0, point 1, test ADC_strong_arm_tb_1, received error:
Simulation Error:
 The simulator process returned a non-zero exit code, indicating failure.
The simulator could have crashed or intentionally returned to indicate an error.
Check the simulator log file for more information.  Common causes:
1. Simulator may have crashed during exit even after reporting success in log file.
2. Abrupt automatic simulator termination (e.g., SIGKILL) because the simulator process has
   excee... {"history": "ExplorerRun.0", "point": 1, "testname": "ADC_strong_arm_tb_1", "cornername": "Nominal"}
[2025-06-26 23:26:08.577 -0700] [PROCESS] [cadence.virtuoso.ade.simulationMonitor] - Finished Simulation {"hostname": "eda-3.EECS.Berkeley.EDU", "processid": 1698975, "history": "ExplorerRun.0", "testname": "ADC_strong_arm_tb_1", "cornername": "Nominal", "point": 1, "logfile": "/home/aa/users/cs199-apt/cadence/sky130_virtuoso/logs_cs199-apt/logs0/Job2.log", "simid": "1"}
[2025-06-26 23:26:09.584 -0700] [PROCESS] [cadence.virtuoso.ade.simulationMonitor] - Stay with the runId '0', Linger time '300', currentRunSyn '1', currentTestSyn '2' {"hostname": "eda-3.EECS.Berkeley.EDU", "processid": 1698975, "history": "ExplorerRun.0", "testname": "ADC_strong_arm_tb_1", "cornername": "Nominal", "point": 1, "logfile": "/home/aa/users/cs199-apt/cadence/sky130_virtuoso/logs_cs199-apt/logs0/Job2.log"}
[2025-06-26 23:27:54.492 -0700] [INFO] [cadence.virtuoso.ade.simulationMonitor] - SimulationMonitor has terminated the vds process '1699003', reason: 'Force to stop the expression evalutor process because of new run' {"history": "ExplorerRun.0", "point": 1, "testname": "ADC_strong_arm_tb_1", "cornername": "Nominal"}
[2025-06-26 23:27:54.494 -0700] [PROCESS] [cadence.virtuoso.ade.simulationMonitor] - HostInfo:
Host name (type):	eda-3.EECS.Berkeley.EDU (x86_64)
Operating system:	Linux 4.18.0-553.56.1.el8_10.x86_64 #1 SMP Mon Jun 2 12:33:13 EDT 2025 {"hostname": "eda-3.EECS.Berkeley.EDU", "processid": 1698975, "history": "ExplorerRun.0", "testname": "ADC_strong_arm_tb_1", "cornername": "Nominal", "point": 1, "logfile": "/home/aa/users/cs199-apt/cadence/sky130_virtuoso/logs_cs199-apt/logs0/Job2.log", "nodename": "eda-3.EECS.Berkeley.EDU", "domainname": "(none)", "machine": "x86_64", "sysname": "Linux", "release": "4.18.0-553.56.1.el8_10.x86_64", "version": "#1 SMP Mon Jun 2 12:33:13 EDT 2025"}
[2025-06-26 23:27:54.494 -0700] [PROCESS] [cadence.virtuoso.ade.simulationMonitor] - UsageInfo:
pid=1698975
totalPhysicalMemory=755.095352GB,Used=295.788357GB,totalVirtualMemory=787.095348GB,Used=295.795681GB
Cpu: Cores=96, Load average:1.100000,0.530000,0.330000 {"hostname": "eda-3.EECS.Berkeley.EDU", "processid": 1698975, "history": "ExplorerRun.0", "testname": "ADC_strong_arm_tb_1", "cornername": "Nominal", "point": 1, "logfile": "/home/aa/users/cs199-apt/cadence/sky130_virtuoso/logs_cs199-apt/logs0/Job2.log", "pid": "1698975", "totalPhysicalMemory": "755.095352", "physicalMemoryUsed": "295.788357", "totalVirtualMemory": "787.095348", "virtualMemoryUsed": "295.795681", "cpuCores": "96", "processes": "1270", "loadAverage1": "1.100000", "loadAverage5": "0.530000", "loadAverage15": "0.330000", "loadAverage1Percent": "0.011458"}
[2025-06-26 23:27:54.497 -0700] [EVENT] [cadence.virtuoso.ade.simulationMonitor] - NewPoint {"history": "ExplorerRun.0", "point": 1, "testname": "ADC_strong_arm_tb_1", "cornername": "Nominal", "event": "NewPoint", "EventSource": "Simulation Monitor", "HistoryName": "ExplorerRun.0", "logFile": "/home/aa/users/cs199-apt/cadence/sky130_virtuoso/logs_cs199-apt/logs0/Job2.log", "logFileSize": "16024"}
[2025-06-26 23:27:54.599 -0700] [EVENT] [cadence.virtuoso.ade.simulationMonitor] - NewPoint {"history": "ExplorerRun.0", "point": 1, "testname": "ADC_strong_arm_tb_1", "cornername": "Nominal", "event": "NewPoint", "EventSource": "spectre", "HistoryName": "ExplorerRun.0", "logFile": "/home/aa/users/cs199-apt/simulation/ADC/strong_arm_tb/maestro/results/maestro/ExplorerRun.0/1/ADC_strong_arm_tb_1/psf/spectre.out", "logFileSize": "-1"}
[2025-06-26 23:27:54.621 -0700] [PROCESS] [cadence.virtuoso.ade.simulationMonitor] - Simulator launched {"hostname": "eda-3.EECS.Berkeley.EDU", "processid": 1698975, "history": "ExplorerRun.0", "testname": "ADC_strong_arm_tb_1", "cornername": "Nominal", "point": 1, "logfile": "/home/aa/users/cs199-apt/cadence/sky130_virtuoso/logs_cs199-apt/logs0/Job2.log", "simid": "2"}
[2025-06-26 23:27:54.626 -0700] [PROCESS] [cadence.virtuoso.ade.simulationMonitor] - Expression evaluator launched {"hostname": "eda-3.EECS.Berkeley.EDU", "processid": 1698975, "history": "ExplorerRun.0", "testname": "ADC_strong_arm_tb_1", "cornername": "Nominal", "point": 1, "logfile": "/home/aa/users/cs199-apt/cadence/sky130_virtuoso/logs_cs199-apt/logs0/Job2.log"}
[2025-06-26 23:27:54.754 -0700] [PROCESS] [cadence.virtuoso.ade.simulationMonitor] - Started Simulation {"hostname": "eda-3.EECS.Berkeley.EDU", "processid": 1698975, "history": "ExplorerRun.0", "testname": "ADC_strong_arm_tb_1", "cornername": "Nominal", "point": 1, "logfile": "/home/aa/users/cs199-apt/cadence/sky130_virtuoso/logs_cs199-apt/logs0/Job2.log", "event": "started", "task": "simulation"}
[2025-06-26 23:27:56.255 -0700] [INFO] [cadence.virtuoso.ade.simulationMonitor] - Peak resident memory used = 125 Mbytes. {"history": "ExplorerRun.0", "point": 1, "testname": "ADC_strong_arm_tb_1", "cornername": "Nominal"}
[2025-06-26 23:27:56.255 -0700] [ERROR] [cadence.virtuoso.ade.simulationMonitor] -     ERROR (SFE-23): "input.scs" 16: The instance `Minst0' is referencing an undefined model or subcircuit, `nfet_01v8'. Either include the file containing the definition of `nfet_01v8', or define `nfet_01v8' before running the simulation. {"history": "ExplorerRun.0", "point": 1, "testname": "ADC_strong_arm_tb_1", "cornername": "Nominal"}
[2025-06-26 23:27:56.256 -0700] [ERROR] [cadence.virtuoso.ade.simulationMonitor] -     ERROR (SFE-23): "input.scs" 18: The instance `Minst1' is referencing an undefined model or subcircuit, `nfet_01v8'. Either include the file containing the definition of `nfet_01v8', or define `nfet_01v8' before running the simulation. {"history": "ExplorerRun.0", "point": 1, "testname": "ADC_strong_arm_tb_1", "cornername": "Nominal"}
[2025-06-26 23:27:56.257 -0700] [ERROR] [cadence.virtuoso.ade.simulationMonitor] -     ERROR (SFE-23): "input.scs" 27: The instance `Minst0' is referencing an undefined model or subcircuit, `nfet_01v8'. Either include the file containing the definition of `nfet_01v8', or define `nfet_01v8' before running the simulation. {"history": "ExplorerRun.0", "point": 1, "testname": "ADC_strong_arm_tb_1", "cornername": "Nominal"}
[2025-06-26 23:27:56.257 -0700] [ERROR] [cadence.virtuoso.ade.simulationMonitor] -     ERROR (SFE-23): "input.scs" 29: The instance `Minst1' is referencing an undefined model or subcircuit, `nfet_01v8'. Either include the file containing the definition of `nfet_01v8', or define `nfet_01v8' before running the simulation. {"history": "ExplorerRun.0", "point": 1, "testname": "ADC_strong_arm_tb_1", "cornername": "Nominal"}
[2025-06-26 23:27:56.257 -0700] [ERROR] [cadence.virtuoso.ade.simulationMonitor] -     ERROR (SFE-23): "input.scs" 38: The instance `Minst0' is referencing an undefined model or subcircuit, `pfet_01v8'. Either include the file containing the definition of `pfet_01v8', or define `pfet_01v8' before running the simulation. {"history": "ExplorerRun.0", "point": 1, "testname": "ADC_strong_arm_tb_1", "cornername": "Nominal"}
[2025-06-26 23:27:56.257 -0700] [ERROR] [cadence.virtuoso.ade.simulationMonitor] -     ERROR (SFE-23): "input.scs" 40: The instance `Minst1' is referencing an undefined model or subcircuit, `pfet_01v8'. Either include the file containing the definition of `pfet_01v8', or define `pfet_01v8' before running the simulation. {"history": "ExplorerRun.0", "point": 1, "testname": "ADC_strong_arm_tb_1", "cornername": "Nominal"}
[2025-06-26 23:27:56.257 -0700] [ERROR] [cadence.virtuoso.ade.simulationMonitor] -     ERROR (SFE-23): "input.scs" 49: The instance `Minst0' is referencing an undefined model or subcircuit, `nfet_01v8'. Either include the file containing the definition of `nfet_01v8', or define `nfet_01v8' before running the simulation. {"history": "ExplorerRun.0", "point": 1, "testname": "ADC_strong_arm_tb_1", "cornername": "Nominal"}
[2025-06-26 23:27:56.258 -0700] [ERROR] [cadence.virtuoso.ade.simulationMonitor] -     ERROR (SFE-23): "input.scs" 51: The instance `Minst1' is referencing an undefined model or subcircuit, `nfet_01v8'. Either include the file containing the definition of `nfet_01v8', or define `nfet_01v8' before running the simulation. {"history": "ExplorerRun.0", "point": 1, "testname": "ADC_strong_arm_tb_1", "cornername": "Nominal"}
[2025-06-26 23:27:56.258 -0700] [ERROR] [cadence.virtuoso.ade.simulationMonitor] -     ERROR (SFE-23): "input.scs" 60: The instance `Minst0' is referencing an undefined model or subcircuit, `pfet_01v8'. Either include the file containing the definition of `pfet_01v8', or define `pfet_01v8' before running the simulation. {"history": "ExplorerRun.0", "point": 1, "testname": "ADC_strong_arm_tb_1", "cornername": "Nominal"}
[2025-06-26 23:27:56.258 -0700] [ERROR] [cadence.virtuoso.ade.simulationMonitor] -     ERROR (SFE-23): "input.scs" 62: The instance `Minst1' is referencing an undefined model or subcircuit, `pfet_01v8'. Either include the file containing the definition of `pfet_01v8', or define `pfet_01v8' before running the simulation. {"history": "ExplorerRun.0", "point": 1, "testname": "ADC_strong_arm_tb_1", "cornername": "Nominal"}
[2025-06-26 23:27:56.258 -0700] [WARN] [cadence.virtuoso.ade.simulationMonitor] -     WARNING (SFE-2649): Terminals of top-level instance `Xinst0', in file`input.scs', at line 73, are connected. Remove the instance and rerun the simulation. {"history": "ExplorerRun.0", "point": 1, "testname": "ADC_strong_arm_tb_1", "cornername": "Nominal"}
[2025-06-26 23:27:56.258 -0700] [WARN] [cadence.virtuoso.ade.simulationMonitor] -     WARNING (SFE-2649): Terminals of top-level instance `Xinst5', in file`input.scs', at line 79, are connected. Remove the instance and rerun the simulation. {"history": "ExplorerRun.0", "point": 1, "testname": "ADC_strong_arm_tb_1", "cornername": "Nominal"}
[2025-06-26 23:27:56.258 -0700] [WARN] [cadence.virtuoso.ade.simulationMonitor] -     WARNING (SFE-2649): Terminals of top-level instance `Xinst14', in file`input.scs', at line 85, are connected. Remove the instance and rerun the simulation. {"history": "ExplorerRun.0", "point": 1, "testname": "ADC_strong_arm_tb_1", "cornername": "Nominal"}
[2025-06-26 23:27:56.259 -0700] [WARN] [cadence.virtuoso.ade.simulationMonitor] -     WARNING (SFE-2649): Terminals of top-level instance `Xinst17', in file`input.scs', at line 87, are connected. Remove the instance and rerun the simulation. {"history": "ExplorerRun.0", "point": 1, "testname": "ADC_strong_arm_tb_1", "cornername": "Nominal"}
[2025-06-26 23:27:56.259 -0700] [WARN] [cadence.virtuoso.ade.simulationMonitor] -     WARNING (SFE-2649): Terminals of top-level instance `Xinst8', in file`input.scs', at line 99, are connected. Remove the instance and rerun the simulation.
        Further occurrences of this warning will be suppressed. {"history": "ExplorerRun.0", "point": 1, "testname": "ADC_strong_arm_tb_1", "cornername": "Nominal"}
[2025-06-26 23:27:56.259 -0700] [INFO] [cadence.virtuoso.ade.simulationMonitor] - Peak resident memory used = 138 Mbytes. {"history": "ExplorerRun.0", "point": 1, "testname": "ADC_strong_arm_tb_1", "cornername": "Nominal"}
[2025-06-26 23:27:56.259 -0700] [INFO] [cadence.virtuoso.ade.simulationMonitor] - Time used: CPU = 579 ms, elapsed = 1.07 s, util. = 54.1%. {"history": "ExplorerRun.0", "point": 1, "testname": "ADC_strong_arm_tb_1", "cornername": "Nominal"}
[2025-06-26 23:27:56.259 -0700] [INFO] [cadence.virtuoso.ade.simulationMonitor] - Time spent in licensing: elapsed = 37.9 ms. {"history": "ExplorerRun.0", "point": 1, "testname": "ADC_strong_arm_tb_1", "cornername": "Nominal"}
[2025-06-26 23:27:56.260 -0700] [INFO] [cadence.virtuoso.ade.simulationMonitor] - Peak memory used = 138 Mbytes. {"history": "ExplorerRun.0", "point": 1, "testname": "ADC_strong_arm_tb_1", "cornername": "Nominal"}
[2025-06-26 23:27:56.262 -0700] [PROCESS] [cadence.virtuoso.ade.simulationMonitor] - Simulation started at: 11:27:54 PM, Thur Jun 26, 2025, ended at: 11:27:55 PM, Thur Jun 26, 2025, with elapsed time (wall clock): 1.07 s. {"history": "ExplorerRun.0", "point": 1, "testname": "ADC_strong_arm_tb_1", "cornername": "Nominal"}
[2025-06-26 23:27:56.263 -0700] [PROCESS] [cadence.virtuoso.ade.simulationMonitor] - spectre completes with 10 errors, 6 warnings, and 0 notices. {"history": "ExplorerRun.0", "point": 1, "testname": "ADC_strong_arm_tb_1", "cornername": "Nominal"}
[2025-06-26 23:27:56.263 -0700] [FATAL] [cadence.virtuoso.ade.simulationMonitor] - spectre terminated prematurely due to fatal error. {"history": "ExplorerRun.0", "point": 1, "testname": "ADC_strong_arm_tb_1", "cornername": "Nominal"}
[2025-06-26 23:27:56.263 -0700] [PROCESS] [cadence.virtuoso.ade.simulationMonitor] - Finished simulating for one point {"hostname": "eda-3.EECS.Berkeley.EDU", "processid": 1698975, "history": "ExplorerRun.0", "testname": "ADC_strong_arm_tb_1", "cornername": "Nominal", "point": 1, "logfile": "/home/aa/users/cs199-apt/cadence/sky130_virtuoso/logs_cs199-apt/logs0/Job2.log", "simid": "2"}
[2025-06-26 23:27:56.263 -0700] [ERROR] [cadence.virtuoso.ade.simulationMonitor] - While simulating run ExplorerRun.0, point 1, test ADC_strong_arm_tb_1, received error:
Simulation Error:
 The simulator process returned a non-zero exit code, indicating failure.
The simulator could have crashed or intentionally returned to indicate an error.
Check the simulator log file for more information.  Common causes:
1. Simulator may have crashed during exit even after reporting success in log file.
2. Abrupt automatic simulator termination (e.g., SIGKILL) because the simulator process has
   excee... {"history": "ExplorerRun.0", "point": 1, "testname": "ADC_strong_arm_tb_1", "cornername": "Nominal"}
[2025-06-26 23:27:56.264 -0700] [PROCESS] [cadence.virtuoso.ade.simulationMonitor] - Finished Simulation {"hostname": "eda-3.EECS.Berkeley.EDU", "processid": 1698975, "history": "ExplorerRun.0", "testname": "ADC_strong_arm_tb_1", "cornername": "Nominal", "point": 1, "logfile": "/home/aa/users/cs199-apt/cadence/sky130_virtuoso/logs_cs199-apt/logs0/Job2.log", "simid": "2"}
[2025-06-26 23:28:08.258 -0700] [PROCESS] [cadence.virtuoso.ade.simulationMonitor] - get signal Terminated<15> from user:cs199-apt, which pid:1698973:/share/instsww/cadence/IC618/tools/bin/64bit/cdsServIpc {"hostname": "eda-3.EECS.Berkeley.EDU", "processid": 1698975, "history": "ExplorerRun.0", "testname": "ADC_strong_arm_tb_1", "cornername": "Nominal", "point": 1, "logfile": "/home/aa/users/cs199-apt/cadence/sky130_virtuoso/logs_cs199-apt/logs0/Job2.log", "signal": "15", "signalName": "Terminated", "which": "/share/instsww/cadence/IC618/tools/bin/64bit/cdsServIpc", "pid": "1698973", "user": "cs199-apt", "uid": "120333"}
[2025-06-26 23:28:08.259 -0700] [INFO] [cadence.virtuoso.ade.simulationMonitor] - SimulationMonitor has terminated the  process '1700306', reason: 'simulationMonitor is handling signal 15' {"history": "ExplorerRun.0", "point": 1, "testname": "ADC_strong_arm_tb_1", "cornername": "Nominal"}
[2025-06-26 23:28:08.760 -0700] [PROCESS] [cadence.virtuoso.ade.simulationMonitor] - Current memory used: 55.2539 MBytes, peak memory used: 55.2539 MBytes {"hostname": "eda-3.EECS.Berkeley.EDU", "processid": 1698975, "history": "ExplorerRun.0", "testname": "ADC_strong_arm_tb_1", "cornername": "Nominal", "point": 1, "logfile": "/home/aa/users/cs199-apt/cadence/sky130_virtuoso/logs_cs199-apt/logs0/Job2.log"}
[2025-06-26 23:28:08.761 -0700] [PROCESS] [cadence.virtuoso.ade.simulationMonitor] - Simulation Monitor process exit. {"hostname": "eda-3.EECS.Berkeley.EDU", "processid": 1698975, "history": "ExplorerRun.0", "testname": "ADC_strong_arm_tb_1", "cornername": "Nominal", "point": 1, "logfile": "/home/aa/users/cs199-apt/cadence/sky130_virtuoso/logs_cs199-apt/logs0/Job2.log"}
