[ADE GUI: dfd1852d-e6d7-470a-bf54-7765a7182848]
[2025-06-26 23:23:21.462 -0700] [PROCESS] [cadence.virtuoso.ade.gui] - /home/aa/users/cs199-apt/cadence/sky130_virtuoso/.tmp_cs199-apt/.cmddir0/swiftLoggingService0 is starting {"logfile": "/home/aa/users/cs199-apt/cadence/sky130_virtuoso/logs_cs199-apt/logs0/LoggingService0.log"}
[2025-06-26 23:23:21.584 -0700] [PROCESS] [cadence.virtuoso.ade.gui] - /home/aa/users/cs199-apt/cadence/sky130_virtuoso/.tmp_cs199-apt/.cmddir0/swiftNetlistService1 is starting {"logfile": "/home/aa/users/cs199-apt/cadence/sky130_virtuoso/logs_cs199-apt/logs0/Service1.log"}
[2025-06-26 23:23:21.585 -0700] [PROCESS] [cadence.virtuoso.ade.gui] - Logging Service '1697555' is starting up on host 'eda-3.EECS.Berkeley.EDU' {"logfile": "/home/aa/users/cs199-apt/cadence/sky130_virtuoso/logs_cs199-apt/logs0/LoggingService0.log"}
[2025-06-26 23:23:23.023 -0700] [PROCESS] [cadence.virtuoso.ade.gui] - Netlist Service '1697571' is starting up on host 'eda-3.EECS.Berkeley.EDU' {"logfile": "/home/aa/users/cs199-apt/cadence/sky130_virtuoso/logs_cs199-apt/logs0/Service1.log"}
[2025-06-26 23:25:53.224 -0700] [EVENT] [cadence.virtuoso.ade.gui] - NewHistoryCreated {"history": "ExplorerRun.0", "event": "NewHistoryCreated", "EventSource": "ADE GUI", "HistoryName": "ExplorerRun.0", "WorkDir": "/home/aa/users/cs199-apt/cadence/sky130_virtuoso", "HistorySimDir": "/home/aa/users/cs199-apt/simulation/ADC/strong_arm_tb/maestro/results/maestro/ExplorerRun.0", "HistoryResultsDir": "/home/aa/users/cs199-apt/cadence/sky130_virtuoso/ADC/strong_arm_tb/maestro/results/maestro"}
[2025-06-26 23:25:53.225 -0700] [PROCESS] [cadence.virtuoso.ade.gui] - History Setup {"hostname": "eda-3.EECS.Berkeley.EDU", "processid": 1693405, "history": "ExplorerRun.0", "logfile": "/home/aa/users/cs199-apt/cadence/sky130_virtuoso/logs_cs199-apt/logs0/virtuoso_ade_debug.log", "jobmode": "LSCS", "runmode": "Single Run, Sweeps and Corners", "lib": "ADC", "cell": "strong_arm_tb", "view": "maestro", "icversion": "sub-version  IC6.1.8-64b.500.35 ", "runstart": "Thu Jun 26 23:25:53 2025\n", "timezonelocal": "+000", "spectreversion": "unknown", "jobpolicyname": "Maestro Default", "maxjobs": "50", "ncjobpolicyname": "Netlisting Default", "ncmaxjobs": "unknown", "numtests": "1", "runfinished": "unknown", "runelapsed": "-1", "numcorners": "1"}
[2025-06-26 23:25:53.797 -0700] [WARN] [cadence.virtuoso.ade.gui] - Could not find log file for Same Process Job 0. Log message for this job will be printed in the CDS log file. {"history": "ExplorerRun.0", "testname": "ADC_strong_arm_tb_1", "detailed_message": "", "message_id": "EXPLORER-5028"}
[2025-06-26 23:25:54.531 -0700] [EVENT] [cadence.virtuoso.ade.pointevaluator] - NewPoint {"history": "ExplorerRun.0", "point": 1, "testname": "ADC_strong_arm_tb_1", "event": "NewPoint", "EventSource": "ADE GUI", "HistoryName": "ExplorerRun.0", "logFile": "/home/aa/users/cs199-apt/cadence/sky130_virtuoso/logs_cs199-apt/logs0/virtuoso_ade_debug.log", "logFileSize": "2640"}
[2025-06-26 23:25:54.532 -0700] [INFO] [cadence.virtuoso.ade.pointevaluator] - Started netlisting {"history": "ExplorerRun.0", "point": 1, "testname": "ADC_strong_arm_tb_1"}
[2025-06-26 23:25:56.844 -0700] [INFO] [cadence.virtuoso.ade.pointevaluator] - Finished netlisting {"history": "ExplorerRun.0", "point": 1, "testname": "ADC_strong_arm_tb_1"}
[2025-06-26 23:25:56.844 -0700] [INFO] [cadence.virtuoso.ade.pointevaluator] - Submitted {"history": "ExplorerRun.0", "point": 1, "testname": "ADC_strong_arm_tb_1"}
[2025-06-26 23:25:59.010 -0700] [PROCESS] [cadence.virtuoso.ade.gui] - /home/aa/users/cs199-apt/cadence/sky130_virtuoso/.tmp_cs199-apt/.cmddir0/swiftJob2 is starting {"logfile": "/home/aa/users/cs199-apt/cadence/sky130_virtuoso/logs_cs199-apt/logs0/Job2.log"}
[2025-06-26 23:25:59.126 -0700] [PROCESS] [cadence.virtuoso.ade.gui] - Simulation Monitor process '1698975' is starting up on host 'eda-3.EECS.Berkeley.EDU' {"logfile": "/home/aa/users/cs199-apt/cadence/sky130_virtuoso/logs_cs199-apt/logs0/Job2.log"}
[2025-06-26 23:26:08.497 -0700] [ERROR] [cadence.virtuoso.ade.gui] - Simulation error {"history": "ExplorerRun.0", "point": 1, "testname": "ADC_strong_arm_tb_1"}
[2025-06-26 23:26:09.485 -0700] [EVENT] [cadence.virtuoso.ade.gui] - HistoryFinished {"history": "ExplorerRun.0", "point": 1, "testname": "ADC_strong_arm_tb_1", "event": "HistoryFinished", "EventSource": "ADE GUI", "HistoryName": "ExplorerRun.0"}
[2025-06-26 23:27:51.189 -0700] [EVENT] [cadence.virtuoso.ade.gui] - NewHistoryCreated {"history": "ExplorerRun.0", "point": 1, "testname": "ADC_strong_arm_tb_1", "event": "NewHistoryCreated", "EventSource": "ADE GUI", "HistoryName": "ExplorerRun.0", "WorkDir": "/home/aa/users/cs199-apt/cadence/sky130_virtuoso", "HistorySimDir": "/home/aa/users/cs199-apt/simulation/ADC/strong_arm_tb/maestro/results/maestro/ExplorerRun.0", "HistoryResultsDir": "/home/aa/users/cs199-apt/cadence/sky130_virtuoso/ADC/strong_arm_tb/maestro/results/maestro"}
[2025-06-26 23:27:51.190 -0700] [PROCESS] [cadence.virtuoso.ade.gui] - History Setup {"hostname": "eda-3.EECS.Berkeley.EDU", "processid": 1693405, "history": "ExplorerRun.0", "testname": "ADC_strong_arm_tb_1", "point": 1, "logfile": "/home/aa/users/cs199-apt/cadence/sky130_virtuoso/logs_cs199-apt/logs0/virtuoso_ade_debug.log", "jobmode": "LSCS", "runmode": "Single Run, Sweeps and Corners", "lib": "ADC", "cell": "strong_arm_tb", "view": "maestro", "icversion": "sub-version  IC6.1.8-64b.500.35 ", "runstart": "Thu Jun 26 23:27:51 2025\n", "timezonelocal": "+000", "spectreversion": "unknown", "jobpolicyname": "Maestro Default", "maxjobs": "50", "ncjobpolicyname": "Netlisting Default", "ncmaxjobs": "unknown", "numtests": "1", "runfinished": "unknown", "runelapsed": "-1", "numcorners": "1"}
[2025-06-26 23:27:52.255 -0700] [EVENT] [cadence.virtuoso.ade.pointevaluator] - NewPoint {"history": "ExplorerRun.0", "point": 1, "testname": "ADC_strong_arm_tb_1", "event": "NewPoint", "EventSource": "ADE GUI", "HistoryName": "ExplorerRun.0", "logFile": "/home/aa/users/cs199-apt/cadence/sky130_virtuoso/logs_cs199-apt/logs0/virtuoso_ade_debug.log", "logFileSize": "5785"}
[2025-06-26 23:27:52.256 -0700] [INFO] [cadence.virtuoso.ade.pointevaluator] - Started netlisting {"history": "ExplorerRun.0", "point": 1, "testname": "ADC_strong_arm_tb_1"}
[2025-06-26 23:27:54.391 -0700] [INFO] [cadence.virtuoso.ade.pointevaluator] - Finished netlisting {"history": "ExplorerRun.0", "point": 1, "testname": "ADC_strong_arm_tb_1"}
[2025-06-26 23:27:54.392 -0700] [INFO] [cadence.virtuoso.ade.pointevaluator] - Submitted {"history": "ExplorerRun.0", "point": 1, "testname": "ADC_strong_arm_tb_1"}
[2025-06-26 23:27:56.501 -0700] [ERROR] [cadence.virtuoso.ade.gui] - Simulation error {"history": "ExplorerRun.0", "point": 1, "testname": "ADC_strong_arm_tb_1"}
[2025-06-26 23:27:56.654 -0700] [EVENT] [cadence.virtuoso.ade.gui] - HistoryFinished {"history": "ExplorerRun.0", "point": 1, "testname": "ADC_strong_arm_tb_1", "event": "HistoryFinished", "EventSource": "ADE GUI", "HistoryName": "ExplorerRun.0"}
[2025-06-26 23:28:10.261 -0700] [PROCESS] [cadence.virtuoso.ade.gui] - Logging Service '1697555' stopped with exit code '0' {"logfile": "/home/aa/users/cs199-apt/cadence/sky130_virtuoso/logs_cs199-apt/logs0/LoggingService0.log"}
