#!encrypt#!1590#!Ei9@07F1K5S@3^li"~R01i(=}yUpym^uEi9@07F1K5S@3^li"~R01i(=}yUpym^uEi9@07F1K5S@3^li
5miVjMd0wlVM3%<!;oiQe%mP/86Q6%3PSc]#p7#A/mkHhzr%V=ia|dw<
<.E#z3d*t]ODo]0Sm$>2*oQOJ]whn5xX`n9Rx6jPX#,lhy;uptFRepRXh/Tl

 \BR}<D7Y-Lup'7>GH+L%rg$QBy/ZVtet/,:THxM]j1
_w4$sAW!pyg@QBf$/^Bg{\Q1UpUj9D

P1[Nr^XWXagrN%TiwBA5]68,x}K,m-)\,7oyfV"Z=rR4,2ujqnP
76,(m5%j`}cI{57$0R;yk#}g@xG}"^+-%_,RZqq{`6 4;1F$w5)2{3gJ,Iu}rsV}SUPvZ-V \/3Z?YFUAP)*W
>@LcfITVi0/x8pIux=UbD3pe
%qk17I}Ur~aH]8V%gY~,p)cX3`i#+#dkWd\"t'[eQNnj]<V-F_x8gIyjq#N>-$5hy;\$)~Ca
maE1w"n>1Y,epEZq`4z!N4~x5r_D:4%oLDnPKZ%=.\e#oc'?q7mvK"XdI<"gz1:L.OY]Zw(=tLb4/yKR0^hdvj/\:`w2I}_?h#f$F"(R1JRx\-jPS=Lu>]$G2HOgMbngbV2bOZz\djb+r8JYOcDu5k$$f&_2\J:EN+~$Y=BF+p8]K|Z3(uz2&nte H#2%k qqop]ws7@]ca#GCzA`D1J^1t1%zgPDM}<>aq]wsnC+\en9C33(jGe^^Qd5*+\z&xaN+-px\C:U/A^GC%A\-gdK;/( HNn>@UzC%%1`}(=1pI.TRd:3jMZ$cxx?r{JzY*!.l%I>Lhw(#Vl}5:]>}_2/jn!ZP;nDbUzC%^I`c+[%#?J6`\ \u#2/jn!ZP;nD4%@(onPKZ%=.\e#oc'?q7mvK"XdI<"gz1:L.OY]Zw(=tLb4/yKR0^hdvj/\:`w2I}_?h#f$wsBlgv5p\lx>jb<jPk$)^w=$n$cJ!-8S uPB7Tu%`Lo=O/0j]kP),u,'gic`pwtq"0r7,8+_`8$=j/BQ_'f 6~QZ{tKCSqIai`N;,H9%28$=#/|U>ef $u)Zt YCSxKGr0&U}Du_L4S~#e,j$]k Pw<ZV S`!(DGan]9}DP%/Lo,U/<Ua'k@$cmZ}8K4bqAGLuN7F 9FwV$~#x)jP'P);~S'iK4`pwbb60s90D__L4S,Ax)j$]k)\w/#' n`!(DG u)70HiFy4q=#cwUctv56ul'}t44b[KG50<!,8s%FL;=m/yj5k=@#SSk,74C![|GJ0s!}8qI`SoJjUDj?kU $u,ZMK4`][|aJ0Qb}v*4wQ1=#cwUI<<M^e<ltt$`{w8GJ0s3}8qI`SoJjUDj5'e xuQk,74p!jKS5e)bGv5_h8`~Kxwu?7=W$5Bt#IG-Qvl+F^([tvC4oN'=_MSLB:wA=kbW_jXpV;n;<dTornsF``L/9uz<roHN2kwKK[]p0fb6(^yFt~;<TW7J_b3v&g=yVcdhdy}bWPT
07F1K5S@3^li"~R01i(=}yUpym^uEi9@07F1K5S@3^li"~R01i(=}yUpym^uEi9@07F1K5S@3^li"~R0

#!encrypt#!2054#!
`VA^tq`vPXk%er;*f-k0XE^u>I44*yW"`VA^tq`vPXk%er;*f-k0XE^u>I44*yW"`VA^tq`v
!#9u3]>3#4;[/$JYd
4*yW"`VA^tq`vPXk%er;*f-k0XE^u>I44*yW"`VA^tq`vPXk%er;*f-k0XE^u>I44*yW"`VA
hYagXYGz]
3`-#<vHHN0dO\:4grN%T'wVru}x+3vLxtmN?]c>x>%1+t$:GaQBJk#
%ggxa^muTS5-#]{57$0^%t>#$c!7K&r
%ggxanut%3>XZe{57$0^%t>#Y`R%Bb
V%ggw:RT<\m\-gTR4t$0/$ttK
rN%T~`,A[1_8(zE%:`-#I{5Ul
^$t>IXbQ3^f3Z(FxXYdIaX

Zm<vo|$hdN`H
grN%o%muhO*xBTJ1UlWu#<&f/R|^_L_&Oo lY}

%ggxF#W$.*Wu>]{57$0^cjM.'Jxfui>N
ggx8?pA@/9*>]{57$0^$'{3kC$Yonw+N
gx8pqRG[{Sz"V!4ed^$tn.qc!wunJVz;
x8pIQ:ZC*e8@57$0^$t>4grNdA7rVz;
x8pIL'lZ*jI{57$0^$t>#eJV;IcNVz;
x8pI"Em,x82A4i]0^$t>4grN%TirVz;
x8pIV\*0CmI{57$0^$t>4$CxwIOQVz;
x8pImXmn3z6&d7$0^$t>#kCVEu?aVz;
x8pIV\*0Cm9Vn/;O/$t>4gQ9dbjJVz;
x8pImXmn3z6&3I;%dp[>4K^$Y8RQVz;
x8pIV\*0Cm9hV4eO/$t>4K\pdtjJVz;
x8pImXmn3z6&3wA:Rp[>4zC;.bOQVz;
x8pIFX {XgEV!4ed^$t>4grN%TirVz;
x8pIwh]nvmL@57$0^$t>4grN%TirVz;
x8pI"Em,OiEVwW$0^$t>SqQ;dOnJVz;
x8pI"Em,Iee&d7$0^$t>SqQ;dOnJVz;
x8pI8U/Y|>]{57$0^$t>4grN%TnrVz;
x8pI~d&Y*!$^^W$0^$t>4grN%TiJVz;
x8pIVX]]58i&jW$0^$t>4K`;EIRQVz;
x8pIw'.,*jI{57$0^$t>4kJ0;unNVz;
x8pI"3g9?>]{57$0^$t>4k`;dKRQVz;
x8pI O nu84x}TN2/$t>4qpxduOaVz;
x8pI"hm7p#]{57$0^$t>4KC;dIcNVz;
x8pI"O nu84x}TN2/$t>4qpxduOaVz;
x8pI"Jxl*g"VVY]0^$t>4kp9[u?aVz;
x8pI %/]*YAN}XKd^$t>4grVGIRQVz;
x8pIv'C9O8=34t]0^$t>4gp0[K7rVz;
x8pIM@+}Hc8N}TN2/$t>4grN%TirVz;
x8pIQ.s]jmI{57$0^$t>4grN%TirVz;
x8pI~d&Y*!$^^1(?/$t>4grN%TirVz;
x8pIL.gQXh/Ff[1d^$t>3e^Rd&cN|%-G
8pIuv]Q?zEN4i`^g%t>4eppYucBn%-G
8pIuHgWuYT^Q/1G%%t>4kC$dbc m)v0vuaIWo
`-#]yfIN:_Tw_rb;N%TiwV<BJDH%IWo
`-#]yfIN:_TExT dK%TiwV%ggx8 IWo
`-#]84~X?&%t>4grN%TiwV%B:yTgIWo
`-#]t}~,Lk1K3ki@({E]<'%ggx8 IWo
`-#]_n/;F&WK$JU?CeTiwC<},T_iIWo
`-#]'OYeZEDq:~OOQBPiwV%ggx8 IWo
`-#]'OYeZa7P~JPbQ)PiwV%ggx8 IWo
`-#]uV4eF&WK$JU?CeTiwV%ggx8 IWo
`-#]uV4eoz;fz1P?deTiwV%ggx8 IWo
`-#]t1+eokWK_F+K7O-'wV%ggx8 
ux3`<%i&ZI42JgB(r*;N%TiwV%g(
8pIuWsG*u$W4t`_J|PH4grN%Tiw|
ggx8Smn%4W@m8rqMR?/$t>4grN%K
wV%g;~E#6cD >XZe@57$0^$t'[K\NC'
wV%g;~E#9#&q`-#]{57$0^$t>4gcNC'
wV%g}XQ#u5Tm,EaI{57$0cEk@3qVNC'
wV%g}XQ#u5Tm,WKI{57$\~SZ<#'VNC'
wV%g}XQ#u5Tm,P4I{57$X\cbn#@4p%;b

#!encrypt#!74#!
`VA^tq`vPXk%er;*f-k0XE^u>I44*yW"`VA^tq`vPXk%er;*f-k0XE^u>I44*yW"`VA^tq`v
#!encrypt#!25#!slEiO%D#=\Y:p[#30.tT{Yo*
#!encrypt#!73#!"`VA^tq`vPXk%er;*f-k0XE^u>I44*yW"`VA^tq`vPXk%er;*f-k0XE^u>I44*yW"`VA^tq`
#!encrypt#!93#!@t[iXx/?geq$Ghihdo@H{C7\(*Os:ex!C#JvHqoFxjY(p+g2po2K'Yh-JcEV,[YLCJ4$Oq6#^M?(K5^?j/1lc"nX:5dl
#!encrypt#!86#!@t[iXx/?geq$-`uM1J:575&$~J\y(r10?BEIH2T[1m,huRw4[>:A\qo-;Y<*=[YccB,p#^TyP;Ieu#e?j/1t?
#!encrypt#!522#!@t[iXx/?geq$dmo4gO\]L5pdUk1K#g <7B<vFwn0%.a#ov1-g(.A<kh*Iedb,[1<[Oe]F/AmaX?(K+;@mD<]ejDxsR{:"y:<iA%;{g(5mjI3r'!+R(1+pYkLJS/b#yHEhl%~K>T:m_0:K+;@O-_8A}~e~AtYpyIGcc4PO%o\a4+yR"J+HWL\,<oyVS{YxJi?cPyXF~oydXm<29R0`MM_VoH\hdw7_GIL.OY]Zw(=#A!X:F[@OW1ZcY=yV3q`G<!( oNcQqM\Vp;.T+&&]MytEVn\JY{V=e}(c726Tfn>%M=lb+U*nu_#<<o#03w!z:*LqoJfT2L=mp`#XC%?e)4j'I.*;wd$tbYc!vEk`/7Qd.0gh+L GSMdK"TA=3)*Pg:L,7%}4q'QaUp<Tt'/9MY4E"nX:47h#S}`NvJ1{Z(=P.;eTpE?nSje;uH\oLK;X)f(pf2RNkKW(M?Jz#Z@\.Q3a"Ge[kwr_e\0?vI7?K*=zUI+Z+V@3D1JKOIR23b:Pe:a PyXFC'])
#!encrypt#!141#!@t[iXx/?g4+yR"J+}5H/r\`5_[f@>UgLCJ4$OqA5t/;{!+\mN*c2&"q "[VwXbe`,IO}r|K=+\A1T9hx;/yJD4+x(&wWPg L9d0_$q'QaUp<Z9w49@88/jpQhd{ltExqclE;F"Dya/a1
#!encrypt#!145#!@t[iXx/?g4+yR"J+}OH/r\`5_[f@>UgLCJ4$OqA5t/;{!+\mN*c2&"q "[VwXbe`,IO}r|K=+\A1T9hx;/yJD4+x(&wWPg L9d0_$q'QaUp<Z9w49@88/jpQhd{ltExqclE;F"+\ycA(o5\A
#!encrypt#!163#!@t[iXx/?g4+yR"J+}rHArMftWxR2}7?"+b'Di! gDxIx=cd 3Xc8Nj"3~ OP:}.?c@}Mi.}_zD5+2{V>jb_EvD4dJ%tX<%1bQD4IVdTmP.I%7GU*3D1J<Yp*J3ZKvJ!.Cv0_Zq>v^X?<p5\?\CM{U4AA5RgPDX1q.P
#!encrypt#!1#!
[WARN] The option -license_dp_continue is not available in this product.
#!encrypt#!42#!
V*MgJ{g1Sa#65%jH-uvvN~xZ^_Y>g qQ3e\(~(0z
#!encrypt#!2#!

#!encrypt#!28#!6lE~Kd*g%6?|{C#&!.#CFn[dUR;t#!encrypt#!39#!o}mk#}nydnppQ6%3PSc]{e7-6/<kHh]rp;t?


