
########################################################################
Get environment info ...
########################################################################
ENV VAR: TCL_LIBRARY = /share/instsww/cadence/PEGASUS.22.14.000/share/lib/tcltk/08.64/tcl8.6
ENV VAR: TCLX_LIBRARY = /share/instsww/cadence/PEGASUS.22.14.000/share/lib/tclx/08.40
ENV VAR: TCLLIBPATH = /share/instsww/cadence/PEGASUS.22.14.000/share/lib/itcl/3.4.1 /share/instsww/cadence/PEGASUS.22.14.000/share/lib/tclxml/3.2 /share/instsww/cadence/PEGASUS.22.14.000/share/lib/tcllib/1.18 /share/instsww/cadence/PEGASUS.22.14.000/tools.lnx86/pegasus/bin/64bit/../../../../share/lib/itcl/3.4.1 /share/instsww/cadence/PEGASUS.22.14.000/tools.lnx86/pegasus/bin/64bit/../../../../share/lib/tclxml/3.2 /share/instsww/cadence/PEGASUS.22.14.000/tools.lnx86/pegasus/bin/64bit/../../../../share/lib/tcllib/1.18
ENV VAR: PEGASUS_PVL_LIBRARY = /share/instsww/cadence/PEGASUS.22.14.000/tools.lnx86/pegasus/bin/64bit/../../../Pegasus/bin/64bit/etc/pvl/tcl
ENV VAR: PEGASUS_TVL_LIBRARY = /share/instsww/cadence/PEGASUS.22.14.000/tools.lnx86/pegasus/bin/64bit/../../../Pegasus/bin/64bit/etc/preproc/tcl
ENV VAR: PEGASUS_LVS_DEVICE_DFM_LIBRARY = /share/instsww/cadence/PEGASUS.22.14.000/tools.lnx86/pegasus/bin/64bit/../../../Pegasus/bin/64bit/etc/lvs_device_dfm/tcl

[WARN] The option -license_dp_continue is not available in this product.
Available Resource: 48 processors

########################################################################
Parsing Rule File /home/ff/eecs151/fa23/pdk_final/sky130_cds/sky130_prelim_release_091123/pegasus/sky130_rev0001.lvs.pvl ...
########################################################################
LAYOUT_FORMAT gdsii;
LAYOUT_PATH "./sky130_fd_sc_ls__bufinv_16.gds";
[WARN] Cmd-line override: LAYOUT_PATH "/home/aa/users/cs199-apt/cadence/sky130_virtuoso/rs_latch_new.gds";
LAYOUT_PRIMARY "sky130_fd_sc_ls__bufinv_16";
[WARN] Cmd-line override: LAYOUT_PRIMARY "rs_latch_new";
REPORT_SUMMARY -drc "sky130_fd_sc_ls__bufinv_16.sum" -replace;
[WARN] REPORT_SUMMARY -drc is skipped at line 36 in file /home/ff/eecs151/fa23/pdk_final/sky130_cds/sky130_prelim_release_091123/pegasus/sky130_rev0001.lvs.pvl
RESULTS_DB -drc "./sky130_fd_sc_ls__bufinv_16.drc_errors.ascii" -ascii;
[WARN] option -drc is skipped at line 40 in file /home/ff/eecs151/fa23/pdk_final/sky130_cds/sky130_prelim_release_091123/pegasus/sky130_rev0001.lvs.pvl
MAX_RESULTS -drc 1000;
[WARN] MAX_RESULTS -drc is skipped at line 44 in file /home/ff/eecs151/fa23/pdk_final/sky130_cds/sky130_prelim_release_091123/pegasus/sky130_rev0001.lvs.pvl
MAX_VERTEX -drc 4096;
[WARN] option -drc is skipped at line 48 in file /home/ff/eecs151/fa23/pdk_final/sky130_cds/sky130_prelim_release_091123/pegasus/sky130_rev0001.lvs.pvl
ABORT_ON_LAYOUT_ERROR no;
TEXT_DEPTH -primary;
LAYER_DEF diff 1001;
LAYER_MAP 65 -datatype 20 1001;
LAYER_DEF diff_txt 1002;
LAYER_MAP 65 -texttype 20 1002;
LAYER_DEF tap 1003;
LAYER_MAP 65 -datatype 44 1003;
LAYER_DEF nwell_in 1004;
LAYER_MAP 64 -datatype 20 1004;
LAYER_DEF dnwell 1005;
LAYER_MAP 64 -datatype 18 1005;
LAYER_DEF pwbm 1006;
LAYER_MAP 19 -datatype 44 1006;
LAYER_DEF pwde 1007;
LAYER_MAP 124 -datatype 20 1007;
LAYER_DEF hvtr 1008;
LAYER_MAP 18 -datatype 20 1008;
LAYER_DEF hvtp 1009;
LAYER_MAP 78 -datatype 44 1009;
LAYER_DEF ldntm 1010;
LAYER_MAP 11 -datatype 44 1010;
LAYER_DEF hvi 1011;
LAYER_MAP 75 -datatype 20 1011;
LAYER_DEF tunm 1012;
LAYER_MAP 80 -datatype 20 1012;
LAYER_DEF lvtn 1013;
LAYER_MAP 125 -datatype 44 1013;
LAYER_DEF poly 1014;
LAYER_MAP 66 -datatype 20 1014;
LAYER_DEF poly_txt 1015;
LAYER_MAP 66 -texttype 20 1015;
LAYER_DEF hvntm 1016;
LAYER_MAP 125 -datatype 20 1016;
LAYER_DEF nsdm 1017;
LAYER_MAP 93 -datatype 44 1017;
LAYER_DEF psdm 1018;
LAYER_MAP 94 -datatype 20 1018;
LAYER_DEF rpm 1019;
LAYER_MAP 86 -datatype 20 1019;
LAYER_DEF urpm 1020;
LAYER_MAP 79 -datatype 20 1020;
LAYER_DEF npc 1021;
LAYER_MAP 95 -datatype 20 1021;
LAYER_DEF licon1 1022;
LAYER_MAP 66 -datatype 44 1022;
LAYER_DEF li1_in 1023;
LAYER_MAP 67 -datatype 20 1023;
LAYER_DEF li1_text 1024;
LAYER_MAP 67 -texttype 20 1024;
LAYER_DEF mcon 1025;
LAYER_MAP 67 -datatype 44 1025;
LAYER_DEF met1_in 1026;
LAYER_MAP 68 -datatype 20 1026;
LAYER_DEF met1_text 1027;
LAYER_MAP 68 -texttype 20 1027;
LAYER_DEF via 1028;
LAYER_MAP 68 -datatype 44 1028;
LAYER_DEF met2_in 1029;
LAYER_MAP 69 -datatype 20 1029;
LAYER_DEF met2_text 1030;
LAYER_MAP 69 -texttype 20 1030;
LAYER_DEF via2 1031;
LAYER_MAP 69 -datatype 44 1031;
LAYER_DEF met3_in 1032;
LAYER_MAP 70 -datatype 20 1032;
LAYER_DEF met3_text 1033;
LAYER_MAP 70 -texttype 20 1033;
LAYER_DEF via3 1034;
LAYER_MAP 70 -datatype 44 1034;
LAYER_DEF met4_in 1035;
LAYER_MAP 71 -datatype 20 1035;
LAYER_DEF met4_text 1036;
LAYER_MAP 71 -texttype 20 1036;
LAYER_DEF via4 1037;
LAYER_MAP 71 -datatype 44 1037;
LAYER_DEF met5_in 1038;
LAYER_MAP 72 -datatype 20 1038;
LAYER_DEF met5_text 1039;
LAYER_MAP 72 -texttype 20 1039;
LAYER_DEF pad 1040;
LAYER_MAP 76 -datatype 20 1040;
LAYER_DEF pad_text 1041;
LAYER_MAP 76 -texttype 20 1041;
LAYER_DEF nsm 1042;
LAYER_MAP 61 -datatype 20 1042;
LAYER_DEF capm 1043;
LAYER_MAP 89 -datatype 44 1043;
LAYER_DEF cap2m 1044;
LAYER_MAP 97 -datatype 44 1044;
LAYER_DEF vhvi 1045;
LAYER_MAP 74 -datatype 21 1045;
LAYER_DEF uhvi 1046;
LAYER_MAP 74 -datatype 22 1046;
LAYER_DEF npn 1047;
LAYER_MAP 82 -datatype 20 1047;
LAYER_DEF inductor 1048;
LAYER_MAP 82 -datatype 24 1048;
LAYER_DEF capacitor_in 1049;
LAYER_MAP 82 -datatype 64 1049;
LAYER_DEF pnp 1050;
LAYER_MAP 82 -datatype 44 1050;
LAYER_DEF LVS_prune 1051;
LAYER_MAP 84 -datatype 44 1051;
LAYER_DEF ncm 1052;
LAYER_MAP 92 -datatype 44 1052;
LAYER_DEF padCenter 1053;
LAYER_MAP 81 -datatype 20 1053;
LAYER_DEF target 1054;
LAYER_MAP 76 -datatype 44 1054;
LAYER_DEF areaid.sl 1055;
LAYER_MAP 81 -datatype 1 1055;
LAYER_MAP 81 -datatype 7 1055;
LAYER_DEF areaid.ce 1056;
LAYER_MAP 81 -datatype 2 1056;
LAYER_DEF areaid.fe 1057;
LAYER_MAP 81 -datatype 3 1057;
LAYER_DEF areaid.sc 1058;
LAYER_MAP 81 -datatype 4 1058;
LAYER_DEF areaid.sf 1059;
LAYER_MAP 81 -datatype 6 1059;
LAYER_DEF areaid.sr 1061;
LAYER_MAP 81 -datatype 8 1061;
LAYER_DEF areaid.mt 1062;
LAYER_MAP 81 -datatype 10 1062;
LAYER_DEF areaid.dt 1063;
LAYER_MAP 81 -datatype 11 1063;
LAYER_DEF areaid.ft 1064;
LAYER_MAP 81 -datatype 12 1064;
LAYER_DEF areaid.ww 1065;
LAYER_MAP 81 -datatype 13 1065;
LAYER_DEF areaid.ld 1066;
LAYER_MAP 81 -datatype 14 1066;
LAYER_DEF areaid.ns 1067;
LAYER_MAP 81 -datatype 15 1067;
LAYER_DEF areaid.ij 1068;
LAYER_MAP 81 -datatype 17 1068;
LAYER_DEF areaid.zr 1069;
LAYER_MAP 81 -datatype 18 1069;
LAYER_DEF areaid.ed 1070;
LAYER_MAP 81 -datatype 19 1070;
LAYER_DEF areaid.de 1071;
LAYER_MAP 81 -datatype 23 1071;
LAYER_DEF areaid.rd 1072;
LAYER_MAP 81 -datatype 24 1072;
LAYER_DEF areaid.dn 1073;
LAYER_MAP 81 -datatype 50 1073;
LAYER_DEF areaid.cr 1074;
LAYER_MAP 81 -datatype 51 1074;
LAYER_DEF areaid.cd 1075;
LAYER_MAP 81 -datatype 52 1075;
LAYER_DEF areaid.st 1076;
LAYER_MAP 81 -datatype 53 1076;
LAYER_DEF areaid.op 1077;
LAYER_MAP 81 -datatype 54 1077;
LAYER_DEF areaid.en 1078;
LAYER_MAP 81 -datatype 57 1078;
LAYER_DEF areaid.en20 1079;
LAYER_MAP 81 -datatype 58 1079;
LAYER_DEF areaid.le 1080;
LAYER_MAP 81 -datatype 60 1080;
LAYER_DEF areaid.hl 1081;
LAYER_MAP 81 -datatype 63 1081;
LAYER_DEF areaid.sd 1082;
LAYER_MAP 81 -datatype 70 1082;
LAYER_DEF areaid.po 1083;
LAYER_MAP 81 -datatype 81 1083;
LAYER_DEF areaid.it 1084;
LAYER_MAP 81 -datatype 84 1084;
LAYER_DEF areaid.et 1085;
LAYER_MAP 81 -datatype 101 1085;
LAYER_DEF areaid.lvt 1086;
LAYER_MAP 81 -datatype 108 1086;
LAYER_DEF areaid.re 1087;
LAYER_MAP 81 -datatype 125 1087;
LAYER_DEF fom 1088;
LAYER_MAP 22 -datatype 23 1088;
LAYER_DEF poly_gate 1089;
LAYER_MAP 66 -datatype 9 1089;
LAYER_DEF poly_model 1090;
LAYER_MAP 66 -texttype 83 1090;
LAYER_DEF poly_res 1091;
LAYER_MAP 66 -datatype 13 1091;
LAYER_DEF diff_res 1092;
LAYER_MAP 65 -datatype 13 1092;
LAYER_DEF pwell_res 1093;
LAYER_MAP 64 -datatype 13 1093;
LAYER_DEF li1_res 1094;
LAYER_MAP 67 -datatype 13 1094;
LAYER_DEF diff_hv 1095;
LAYER_MAP 65 -datatype 8 1095;
LAYER_DEF met4_fuse 1096;
LAYER_MAP 71 -datatype 17 1096;
LAYER_DEF inductor_trm1 1097;
LAYER_MAP 82 -datatype 26 1097;
LAYER_DEF inductor_trm2 1098;
LAYER_MAP 82 -datatype 27 1098;
LAYER_DEF inductor_trm3 1099;
LAYER_MAP 82 -datatype 28 1099;
LAYER_DEF li1_block 1100;
LAYER_MAP 67 -datatype 10 1100;
LAYER_DEF met1_block 1101;
LAYER_MAP 68 -datatype 10 1101;
LAYER_DEF met2_block 1102;
LAYER_MAP 69 -datatype 10 1102;
LAYER_DEF met3_block 1103;
LAYER_MAP 70 -datatype 10 1103;
LAYER_DEF met4_block 1104;
LAYER_MAP 71 -datatype 10 1104;
LAYER_DEF met5_block 1105;
LAYER_MAP 72 -datatype 10 1105;
LAYER_DEF prBndry 1106;
LAYER_MAP 235 -datatype 4 1106;
LAYER_DEF diff_bnd 1107;
LAYER_MAP 65 -datatype 4 1107;
LAYER_DEF tap_bnd 1108;
LAYER_MAP 65 -datatype 60 1108;
LAYER_DEF mcon_bnd 1109;
LAYER_MAP 67 -datatype 60 1109;
LAYER_DEF poly_bnd 1110;
LAYER_MAP 66 -datatype 4 1110;
LAYER_DEF via_bnd 1111;
LAYER_MAP 68 -datatype 60 1111;
LAYER_DEF via2_bnd 1112;
LAYER_MAP 69 -datatype 60 1112;
LAYER_DEF via3_bnd 1113;
LAYER_MAP 70 -datatype 60 1113;
LAYER_DEF via4_bnd 1114;
LAYER_MAP 71 -datatype 60 1114;
LAYER_DEF li1_label 1115;
LAYER_MAP 67 -texttype 5 1115;
LAYER_DEF met1_label 1116;
LAYER_MAP 68 -texttype 5 1116;
LAYER_DEF met2_label 1117;
LAYER_MAP 69 -texttype 5 1117;
LAYER_DEF met3_label 1118;
LAYER_MAP 70 -texttype 5 1118;
LAYER_DEF met4_label 1119;
LAYER_MAP 71 -texttype 5 1119;
LAYER_DEF met5_label 1120;
LAYER_MAP 72 -texttype 5 1120;
LAYER_DEF poly_label 1121;
LAYER_MAP 66 -texttype 5 1121;
LAYER_DEF diff_label 1122;
LAYER_MAP 65 -texttype 6 1122;
LAYER_DEF pwell_in 1123;
LAYER_MAP 64 -datatype 59 1123;
LAYER_DEF pwell_label 1124;
LAYER_MAP 64 -texttype 59 1124;
LAYER_DEF pwelliso_label 1125;
LAYER_MAP 44 -datatype 5 1125;
LAYER_DEF pad_label 1126;
LAYER_MAP 76 -texttype 5 1126;
LAYER_DEF tap_label 1127;
LAYER_MAP 65 -texttype 5 1127;
LAYER_DEF nwell_label 1128;
LAYER_MAP 64 -texttype 5 1128;
LAYER_DEF inductor_label 1129;
LAYER_MAP 82 -texttype 25 1129;
LAYER_DEF text 1130;
LAYER_MAP 83 -texttype 44 1130;
LAYER_DEF li1_net 1131;
LAYER_MAP 67 -texttype 23 1131;
LAYER_DEF met1_net 1132;
LAYER_MAP 68 -texttype 23 1132;
LAYER_DEF met2_net 1133;
LAYER_MAP 69 -texttype 23 1133;
LAYER_DEF met3_net 1134;
LAYER_MAP 70 -texttype 23 1134;
LAYER_DEF met4_net 1135;
LAYER_MAP 71 -texttype 23 1135;
LAYER_DEF met5_net 1136;
LAYER_MAP 72 -texttype 23 1136;
LAYER_DEF poly_net 1137;
LAYER_MAP 66 -texttype 23 1137;
LAYER_DEF diff_net 1138;
LAYER_MAP 65 -texttype 23 1138;
LAYER_DEF li1_pin 1139;
LAYER_MAP 67 -texttype 0 1139;
LAYER_MAP 67 -datatype 16 1139;
LAYER_MAP 67 -texttype 16 1139;
LAYER_DEF met1_pin 1141;
LAYER_MAP 68 -texttype 0 1141;
LAYER_MAP 68 -datatype 16 1141;
LAYER_MAP 68 -texttype 16 1141;
LAYER_DEF met2_pin 1143;
LAYER_MAP 69 -texttype 0 1143;
LAYER_MAP 69 -datatype 16 1143;
LAYER_MAP 69 -texttype 16 1143;
LAYER_DEF met3_pin 1145;
LAYER_MAP 70 -texttype 0 1145;
LAYER_MAP 70 -datatype 16 1145;
LAYER_MAP 70 -texttype 16 1145;
LAYER_DEF met4_pin 1147;
LAYER_MAP 71 -texttype 0 1147;
LAYER_MAP 71 -datatype 16 1147;
LAYER_MAP 71 -texttype 16 1147;
LAYER_DEF met5_pin 1149;
LAYER_MAP 72 -texttype 0 1149;
LAYER_MAP 72 -datatype 16 1149;
LAYER_MAP 72 -texttype 16 1149;
LAYER_DEF poly_pin 1152;
LAYER_MAP 66 -texttype 0 1152;
LAYER_MAP 66 -texttype 16 1152;
LAYER_DEF diff_pin 1153;
LAYER_MAP 65 -texttype 16 1153;
LAYER_DEF nwell_pin 1154;
LAYER_MAP 64 -datatype 16 1154;
LAYER_MAP 64 -texttype 0 1154;
LAYER_DEF pad_pin 1155;
LAYER_MAP 76 -texttype 0 1155;
LAYER_MAP 76 -datatype 16 1155;
LAYER_MAP 76 -texttype 16 1155;
LAYER_DEF pwell_pin 1157;
LAYER_MAP 122 -datatype 16 1157;
LAYER_MAP 122 -texttype 16 1157;
LAYER_MAP 122 -texttype 0 1157;
LAYER_DEF pwelliso 1159;
LAYER_MAP 44 -datatype 16 1159;
LAYER_MAP 44 -texttype 16 1159;
LAYER_DEF diff_cut 1171;
LAYER_MAP 65 -datatype 14 1171;
LAYER_DEF poly_cut 1172;
LAYER_MAP 66 -datatype 14 1172;
LAYER_DEF li1_cut 1173;
LAYER_MAP 67 -datatype 14 1173;
LAYER_DEF met1_cut 1174;
LAYER_MAP 68 -datatype 14 1174;
LAYER_DEF met2_cut 1175;
LAYER_MAP 69 -datatype 14 1175;
LAYER_DEF met3_cut 1176;
LAYER_MAP 70 -datatype 14 1176;
LAYER_DEF met4_cut 1177;
LAYER_MAP 71 -datatype 14 1177;
LAYER_DEF met5_cut 1178;
LAYER_MAP 72 -datatype 14 1178;
LAYER_DEF pwell_cut 1179;
LAYER_MAP 64 -datatype 14 1179;
LAYER_DEF met5_probe 1180;
LAYER_MAP 72 -datatype 25 1180;
LAYER_DEF met4_probe 1181;
LAYER_MAP 71 -datatype 25 1181;
LAYER_DEF met3_probe 1182;
LAYER_MAP 70 -datatype 25 1182;
LAYER_DEF met2_probe 1183;
LAYER_MAP 69 -datatype 25 1183;
LAYER_DEF met1_probe 1184;
LAYER_MAP 68 -datatype 25 1184;
LAYER_DEF li1_probe 1185;
LAYER_MAP 67 -datatype 25 1185;
LAYER_DEF poly_probe 1186;
LAYER_MAP 66 -datatype 25 1186;
LAYER_DEF poly_short 1187;
LAYER_MAP 66 -datatype 15 1187;
LAYER_DEF li1_short 1188;
LAYER_MAP 67 -datatype 15 1188;
LAYER_DEF met1_short 1189;
LAYER_MAP 68 -datatype 15 1189;
LAYER_DEF met2_short 1190;
LAYER_MAP 69 -datatype 15 1190;
LAYER_DEF met3_short 1191;
LAYER_MAP 70 -datatype 15 1191;
LAYER_DEF met4_short 1192;
LAYER_MAP 71 -datatype 15 1192;
LAYER_DEF met5_short 1193;
LAYER_MAP 72 -datatype 15 1193;
LAYER_DEF cncm_mk 1194;
LAYER_MAP 17 -datatype 0 1194;
LAYER_DEF crpm_mk 1195;
LAYER_MAP 96 -datatype 0 1195;
LAYER_DEF cpdm_mk 1196;
LAYER_MAP 37 -datatype 0 1196;
LAYER_DEF cnsm_mk 1197;
LAYER_MAP 22 -datatype 0 1197;
LAYER_DEF cmm5_mk 1198;
LAYER_MAP 59 -datatype 0 1198;
LAYER_DEF cviam4_mk 1199;
LAYER_MAP 58 -datatype 0 1199;
LAYER_DEF cmm4_mk 1200;
LAYER_MAP 51 -datatype 0 1200;
LAYER_DEF cviam3_mk 1201;
LAYER_MAP 50 -datatype 0 1201;
LAYER_DEF cmm3_mk 1202;
LAYER_MAP 34 -datatype 0 1202;
LAYER_DEF cviam2_mk 1203;
LAYER_MAP 44 -datatype 0 1203;
LAYER_DEF cmm2_mk 1204;
LAYER_MAP 41 -datatype 0 1204;
LAYER_DEF cviam_mk 1205;
LAYER_MAP 40 -datatype 0 1205;
LAYER_DEF cmm1_mk 1206;
LAYER_MAP 36 -datatype 0 1206;
LAYER_DEF ctm1_mk 1207;
LAYER_MAP 35 -datatype 0 1207;
LAYER_DEF cli1m_mk 1208;
LAYER_MAP 56 -datatype 0 1208;
LAYER_DEF clicm1_mk 1209;
LAYER_MAP 43 -datatype 0 1209;
LAYER_DEF cpsdm_mk 1210;
LAYER_MAP 32 -datatype 0 1210;
LAYER_DEF cnsdm_mk 1211;
LAYER_MAP 30 -datatype 0 1211;
LAYER_DEF cldntm_mk 1212;
LAYER_MAP 11 -datatype 0 1212;
LAYER_DEF cnpc_mk 1213;
LAYER_MAP 49 -datatype 0 1213;
LAYER_DEF chvntm_mk 1214;
LAYER_MAP 39 -datatype 0 1214;
LAYER_DEF cntm_mk 1215;
LAYER_MAP 27 -datatype 0 1215;
LAYER_DEF cp1m_mk 1216;
LAYER_MAP 28 -datatype 0 1216;
LAYER_DEF clvom_mk 1217;
LAYER_MAP 46 -datatype 0 1217;
LAYER_DEF conom_mk 1218;
LAYER_MAP 88 -datatype 0 1218;
LAYER_DEF ctunm_mk 1219;
LAYER_MAP 20 -datatype 0 1219;
LAYER_DEF chvtrm_mk 1220;
LAYER_MAP 98 -datatype 0 1220;
LAYER_DEF chvtpm_mk 1221;
LAYER_MAP 97 -datatype 0 1221;
LAYER_DEF clvtnm_mk 1222;
LAYER_MAP 25 -datatype 0 1222;
LAYER_DEF cnwm_mk 1223;
LAYER_MAP 21 -datatype 0 1223;
LAYER_DEF cdnm_mk 1224;
LAYER_MAP 48 -datatype 0 1224;
LAYER_DEF cfom_mk 1225;
LAYER_MAP 23 -datatype 0 1225;
LAYER_DEF cfom 1226;
LAYER_MAP 22 -datatype 20 1226;
LAYER_DEF clvtnm 1227;
LAYER_MAP 25 -datatype 44 1227;
LAYER_DEF chvtpm 1228;
LAYER_MAP 88 -datatype 44 1228;
LAYER_DEF conom 1229;
LAYER_MAP 87 -datatype 44 1229;
LAYER_DEF clvom 1230;
LAYER_MAP 45 -datatype 20 1230;
LAYER_DEF cntm 1231;
LAYER_MAP 26 -datatype 20 1231;
LAYER_DEF chvntm 1232;
LAYER_MAP 38 -datatype 20 1232;
LAYER_DEF cnpc 1233;
LAYER_MAP 44 -datatype 20 1233;
LAYER_DEF cnsdm 1234;
LAYER_MAP 29 -datatype 20 1234;
LAYER_DEF cpsdm 1235;
LAYER_MAP 31 -datatype 20 1235;
LAYER_DEF cli1m 1236;
LAYER_MAP 115 -datatype 44 1236;
LAYER_DEF cviam3 1237;
LAYER_MAP 112 -datatype 20 1237;
LAYER_DEF cviam4 1238;
LAYER_MAP 117 -datatype 20 1238;
LAYER_DEF cncm 1239;
LAYER_MAP 96 -datatype 44 1239;
LAYER_DEF cntm_mk_add 1240;
LAYER_MAP 26 -datatype 21 1240;
LAYER_DEF clvtnm_mk_add 1241;
LAYER_MAP 25 -datatype 43 1241;
LAYER_DEF chvtpm_mk_add 1242;
LAYER_MAP 97 -datatype 43 1242;
LAYER_DEF cli1m_mk_add 1243;
LAYER_MAP 115 -datatype 43 1243;
LAYER_DEF clicm1_mk_add 1244;
LAYER_MAP 106 -datatype 43 1244;
LAYER_DEF cpsdm_mk_add 1245;
LAYER_MAP 31 -datatype 21 1245;
LAYER_DEF cnsdm_mk_add 1246;
LAYER_MAP 29 -datatype 21 1246;
LAYER_DEF cp1m_mk_add 1247;
LAYER_MAP 33 -datatype 43 1247;
LAYER_DEF cfom_mk_add 1248;
LAYER_MAP 22 -datatype 21 1248;
LAYER_DEF cntm_mk_drop 1249;
LAYER_MAP 26 -datatype 22 1249;
LAYER_DEF clvtnm_mk_drop 1250;
LAYER_MAP 25 -datatype 42 1250;
LAYER_DEF chvtpm_mk_drop 1251;
LAYER_MAP 97 -datatype 42 1251;
LAYER_DEF cli1m_mk_drop 1252;
LAYER_MAP 115 -datatype 42 1252;
LAYER_DEF clicm1_mk_drop 1253;
LAYER_MAP 106 -datatype 42 1253;
LAYER_DEF cpsdm_mk_drop 1254;
LAYER_MAP 31 -datatype 22 1254;
LAYER_DEF cnsdm_mk_drop 1255;
LAYER_MAP 29 -datatype 22 1255;
LAYER_DEF cp1m_mk_drop 1256;
LAYER_MAP 33 -datatype 42 1256;
LAYER_DEF cfom_mk_drop 1257;
LAYER_MAP 22 -datatype 22 1257;
LAYER_DEF cmm4_waffle_drop 1258;
LAYER_MAP 112 -datatype 4 1258;
LAYER_DEF cmm3_waffle_drop 1259;
LAYER_MAP 107 -datatype 24 1259;
LAYER_DEF cmm2_waffle_drop 1260;
LAYER_MAP 105 -datatype 52 1260;
LAYER_DEF cmm1_waffle_drop 1261;
LAYER_MAP 62 -datatype 24 1261;
LAYER_DEF cp1m_waffle_drop 1262;
LAYER_MAP 33 -datatype 24 1262;
LAYER_DEF cfom_waffle_drop 1263;
LAYER_MAP 22 -datatype 24 1263;
LAYER_DEF cmm5_waffle_drop 1264;
LAYER_MAP 117 -datatype 4 1264;
PORT -text_layer met1_label met2_label met3_label met4_label met5_label li1_label nwell_label pwell_label;
OR met5_pin met5_in -outputlayer met5;
OR met4_pin met4_in -outputlayer met4;
OR met3_pin met3_in -outputlayer met3;
OR met2_pin met2_in -outputlayer met2;
OR met1_pin met1_in -outputlayer met1;
OR li1_pin li1_in -outputlayer li1;
OR nwell_pin nwell_in -outputlayer nwell;
ATTACH met5_label met5;
ATTACH met4_label met4;
ATTACH met3_label met3;
ATTACH met2_label met2;
ATTACH met1_label met1;
ATTACH li1_label li1;
ATTACH nwell_label nwell;
ATTACH pwell_label pwell;
SELECT -outside pad areaid.ft -outputlayer bondPad;
AND capm met2 -outputlayer bottom_plate_pvsTmp1;
SIZE bottom_plate_pvsTmp1 -by 3 -outputlayer bottom_plate;
SELECT -enclose capm via2 -gt 1 -outputlayer capacitor;
SELECT -cut -not capm via2 -outputlayer dummy_capacitor;
SELECT -label "poly" -textname "dummy_poly" -textlayer text -outputlayer dummy_poly;
HOLES areaid.sl -outputlayer Chip_extent_pvsTmp1;
EXTENT -outputlayer Chip_extent_pvsTmp2;
OR Chip_extent_pvsTmp1 Chip_extent_pvsTmp2 areaid.sl -outputlayer Chip_extent;
OR cfom cp1m_mk cmm1_mk cmm2_mk -outputlayer Diecut_pmm_pvsTmp1;
NOT areaid.dt Diecut_pmm_pvsTmp1 -outputlayer Diecut_pmm;
WITH_WIDTH met1 -gt 3 -outputlayer huge_met1;
WITH_WIDTH met2 -gt 3 -outputlayer huge_met2;
WITH_WIDTH met3 -gt 3 -outputlayer huge_met3;
WITH_WIDTH met4 -gt 3 -outputlayer huge_met4;
WITH_WIDTH met5 -gt 3 -outputlayer huge_met5;
WITH_WIDTH pad -gt 100 -outputlayer hugePad;
NOT Chip_extent nwell -outputlayer pwell;
AND pwell dnwell -outputlayer iso_pwell;
AND poly diff -outputlayer gate;
SELECT -inside gate lvtn -outputlayer LVTN_Gate;
SELECT -inside gate hvi -outputlayer HV_Gate;
AND tap nsdm -outputlayer np_tap;
SELECT -inside nwell areaid.ed -outputlayer esd_nwell;
SELECT -touch np_tap esd_nwell -outputlayer esd_nwell_tap_ntap_cand;
HOLES esd_nwell -outputlayer esd_nwell_holes;
SELECT -touch esd_nwell_tap_ntap_cand esd_nwell_holes -outputlayer esd_nwell_tap_cand_inhole;
SELECT -touch esd_nwell esd_nwell_tap_cand_inhole -outputlayer esd_nwell_tap_well_cand;
OR esd_nwell_tap_cand_inhole esd_nwell_tap_well_cand -outputlayer esd_nwell_tap_possible;
XOR esd_nwell_tap_possible esd_nwell_tap_cand_inhole -outputlayer esd_nwell_tap_not;
SELECT -interact -not esd_nwell_tap_well_cand esd_nwell_tap_not -outputlayer ESD_nwell_tap;
HOLES nsdm -outputlayer nsdmHoles;
OR nsm cnsm_mk -outputlayer NSM_keepout;
HOLES psdm -outputlayer psdmHoles;
SELECT -touch ptap pwell_res -outputlayer pwres_terminal;
AND diff pnp -outputlayer pnp_emitter_1;
AND pnp_emitter_1 psdm -outputlayer pnp_emitter;
NOT areaid.ft areaid.dt -outputlayer scribe_line;
SELECT -interact poly poly_res -outputlayer prec_resistor_1;
AND rpm prec_resistor_1 -outputlayer prec_resistor_2;
AND prec_resistor_2 psdm -outputlayer prec_resistor;
AND prec_resistor li1 -outputlayer prec_resistor_terminal;
OR diff tap poly pwell_res pad cfom cfom_mk cp1m_mk -outputlayer fomDummy_keepout.1;
NOT gate nwell -outputlayer nfet;
AND gate nwell -outputlayer pfet;
NOT diff nwell -outputlayer ndiff;
AND diff nwell -outputlayer pdiff;
AND tap nwell -outputlayer ntap;
NOT tap nwell -outputlayer ptap;
NOT pdiff pfet -outputlayer pSourceDrain;
NOT ndiff nfet -outputlayer nSourceDrain;
SELECT -interact -not tap diff -outputlayer isolated_tap;
NOT nwell hvi -outputlayer LVnwell;
CONNECT li1 pSourceDrain -by licon1;
CONNECT li1 nSourceDrain -by licon1;
CONNECT pSourceDrain ntap;
CONNECT nSourceDrain ptap;
CONNECT li1 ptap -by licon1;
CONNECT li1 ntap -by licon1;
CONNECT li1 isolated_tap -by licon1;
SCONNECT ptap pwell;
SCONNECT ntap nwell;
CONNECT li1 poly -by licon1;
CONNECT poly pfet;
CONNECT poly nfet;
OR diff tap -outputlayer poly_licon1_pvsTmp1;
NOT poly_licon1_pvsTmp1 poly -outputlayer poly_licon1_pvsTmp2;
SELECT -cut -not licon1 poly_licon1_pvsTmp2 -outputlayer poly_licon1;
AND tap licon1 -outputlayer tap_licon;
NOT tap poly -outputlayer tap_notPoly;
SELECT -inside tap nwell -outputlayer tap_nwell;
NOT nwell hvi -outputlayer Var_channel_pvsTmp1;
AND poly tap -outputlayer Var_channel_pvsTmp2;
AND Var_channel_pvsTmp2 Var_channel_pvsTmp1 -outputlayer Var_channel_pvsTmp3;
NOT Var_channel_pvsTmp3 areaid.ce -outputlayer Var_channel;
SELECT -outside -not tap Var_channel -outputlayer VaracTap;
AND cp1m_mk Hvi -outputlayer cp1m_HV;
AND isolated_tap areaid.en -outputlayer de_nFet_drain_pvsTmp1;
SELECT -outside -not de_nFet_drain_pvsTmp1 nwell -outputlayer de_nFet_drain;
AND poly areaid.en -outputlayer deFET_gate_pvsTmp1;
SELECT -outside deFET_gate_pvsTmp1 pwde -outputlayer deFET_gate;
NOT diff dnwell -outputlayer de_nFet_gate_pvsTmp1;
SELECT -outside -not deFET_gate de_nFet_gate_pvsTmp1 -outputlayer de_nFet_gate;
AND diff areaid.en -outputlayer de_nFet_source_pvsTmp1;
SELECT -outside -not de_nFet_source_pvsTmp1 de_nFet_gate -outputlayer de_nFet_source;
AND isolated_tap areaid.en -outputlayer de_pFet_drain_pvsTmp1;
SELECT -outside de_pFet_drain_pvsTmp1 nwell -outputlayer de_pFet_drain;
AND diff dnwell -outputlayer de_pFet_gate_pvsTmp1;
SELECT -outside -not deFET_gate de_pFet_gate_pvsTmp1 -outputlayer de_pFet_gate;
AND diff areaid.en -outputlayer de_pFet_source_pvsTmp1;
SELECT -outside -not de_pfet_source_pvsTmp1 de_pFet_gate -outputlayer de_pFet_source;
AND diff Hvi -outputlayer hDiff;
AND poly Hvi -outputlayer Hpoly;
AND Hpoly hDiff -outputlayer Hgate;
AND nwell Hvi -outputlayer Hnwell;
AND tap Hvi -outputlayer Htap;
NOT diff poly -outputlayer hv_source_drain;
SELECT -touch Hgate hv_source_drain -outputlayer hvFET_gate;
CONNECT li1 ntap -by licon1;
CONNECT li1 ptap -by licon1;
CONNECT ptap;
CONNECT li1 Hpoly -by licon1;
CONNECT li1 hv_source_drain -by licon1;
CONNECT met1 li1 -by mcon;
CONNECT met2 met1 -by via;
CONNECT met3 met2 -by via2;
CONNECT met4 met3 -by via3;
CONNECT met5 met4 -by via4;
NET_INTERACT poly hv_source_drain -gt 0 -outputlayer hvPoly;
AND nwell hvi -outputlayer HV_nwell_pvsTmp1;
SELECT -outside -not nwell areaid.hl -outputlayer HV_nwell_pvsTmp2;
OR HV_nwell_pvsTmp1 HV_nwell_pvsTmp2 -outputlayer HV_nwell;
AND diff Hvi -outputlayer stack_hv_lv_diff_pvsTmp1;
NOT stack_hv_lv_diff_pvsTmp1 nwell -outputlayer stack_hv_lv_diff_pvsTmp2;
NOT diff nwell -outputlayer stack_hv_lv_diff_pvsTmp3;
SELECT -touch stack_hv_lv_diff_pvsTmp2 stack_hv_lv_diff_pvsTmp3 -outputlayer stack_hv_lv_diff;
AND diff uhvi -outputlayer UHVdiff;
SELECT -outside -not poly uhvi -outputlayer UHVPoly;
AND UHVPoly diff -outputlayer UHVGate;
AND diff uhvi -outputlayer UHVSourceDrain_pvsTmp1;
NOT UHVSourceDrain_pvsTmp1 poly -outputlayer UHVSourceDrain_pvsTmp2;
NOT UHVSourceDrain_pvsTmp2 diff_res -outputlayer UHVSourceDrain;
AND diff vhvi -outputlayer VHVDiff;
SELECT -outside -not poly vhvi -outputlayer VHVPoly;
AND VHVPoly diff -outputlayer VHVGate;
AND diff tap -outputlayer SHVSourceDrain_pvsTmp1;
AND SHVSourceDrain_pvsTmp1 vhvi -outputlayer SHVSourceDrain_pvsTmp2;
NOT SHVSourceDrain_pvsTmp2 poly -outputlayer SHVSourceDrain_pvsTmp3;
NOT SHVSourceDrain_pvsTmp3 diff_res -outputlayer SHVSourceDrain;
OR met1 met2 met3 -outputlayer inductor_metal_pvsTmp1;
AND inductor inductor_metal_pvsTmp1 -outputlayer inductor_metal_pvsTmp2;
SIZE inductor_metal_pvsTmp2 -by 10 -outputlayer inductor_metal;
AND nfet ndiff -outputlayer nfet_01v8_rec;
DEVICE MN ( nfet_01v8 ) nfet_01v8_rec nfet ( G ) nSourceDrain ( S ) nSourceDrain ( D ) pwell ( B );
AND pfet hvtp -outputlayer hvtpfet;
NOT pfet hvtpfet -outputlayer pfet_norm;
AND pfet_norm pdiff -outputlayer pfet_01v8_rec;
DEVICE MP ( pfet_01v8 ) pfet_01v8_rec pfet ( G ) pSourceDrain ( S ) pSourceDrain ( D ) nwell ( B );
AND hvtpfet pdiff -outputlayer hvtpfet_01v8_rec;
DEVICE MP ( pfet_01v8_hvt ) hvtpfet_01v8_rec hvtpfet ( G ) pSourceDrain ( s ) pSourceDrain ( D ) nwell ( B );
LVS_CDN_FLOW_OPTIONS -cdl_use_scale;
LVS_REDUCE yes -parallel_mos;
LVS_REDUCE yes -series_mos;
LVS_SHORT_EQUIVALENT_NODES yes;
LVS_CHECK_PROPERTY MP L l;
LVS_CHECK_PROPERTY MP W w;
LVS_CHECK_PROPERTY MN L l;
LVS_CHECK_PROPERTY MN W w;
Operation 'SELECT -outside' at line 588 in file /home/ff/eecs151/fa23/pdk_final/sky130_cds/sky130_prelim_release_091123/pegasus/sky130_rev0001.lvs.pvl is not selected for executing, remove it.
Operation 'AND' at line 590 in file /home/ff/eecs151/fa23/pdk_final/sky130_cds/sky130_prelim_release_091123/pegasus/sky130_rev0001.lvs.pvl is not selected for executing, remove it.
Operation 'SIZE' at line 591 in file /home/ff/eecs151/fa23/pdk_final/sky130_cds/sky130_prelim_release_091123/pegasus/sky130_rev0001.lvs.pvl is not selected for executing, remove it.
Operation 'SELECT -enclose' at line 593 in file /home/ff/eecs151/fa23/pdk_final/sky130_cds/sky130_prelim_release_091123/pegasus/sky130_rev0001.lvs.pvl is not selected for executing, remove it.
Operation 'SELECT -cut' at line 594 in file /home/ff/eecs151/fa23/pdk_final/sky130_cds/sky130_prelim_release_091123/pegasus/sky130_rev0001.lvs.pvl is not selected for executing, remove it.
Operation 'SELECT -label' at line 596 in file /home/ff/eecs151/fa23/pdk_final/sky130_cds/sky130_prelim_release_091123/pegasus/sky130_rev0001.lvs.pvl is not selected for executing, remove it.
Operation 'OR' at line 602 in file /home/ff/eecs151/fa23/pdk_final/sky130_cds/sky130_prelim_release_091123/pegasus/sky130_rev0001.lvs.pvl is not selected for executing, remove it.
Operation 'NOT' at line 603 in file /home/ff/eecs151/fa23/pdk_final/sky130_cds/sky130_prelim_release_091123/pegasus/sky130_rev0001.lvs.pvl is not selected for executing, remove it.
Operation 'WITH_WIDTH' at line 611 in file /home/ff/eecs151/fa23/pdk_final/sky130_cds/sky130_prelim_release_091123/pegasus/sky130_rev0001.lvs.pvl is not selected for executing, remove it.
Operation 'AND' at line 615 in file /home/ff/eecs151/fa23/pdk_final/sky130_cds/sky130_prelim_release_091123/pegasus/sky130_rev0001.lvs.pvl is not selected for executing, remove it.
Operation 'SELECT -inside' at line 618 in file /home/ff/eecs151/fa23/pdk_final/sky130_cds/sky130_prelim_release_091123/pegasus/sky130_rev0001.lvs.pvl is not selected for executing, remove it.
Operation 'SELECT -inside' at line 619 in file /home/ff/eecs151/fa23/pdk_final/sky130_cds/sky130_prelim_release_091123/pegasus/sky130_rev0001.lvs.pvl is not selected for executing, remove it.
Operation 'AND' at line 626 in file /home/ff/eecs151/fa23/pdk_final/sky130_cds/sky130_prelim_release_091123/pegasus/sky130_rev0001.lvs.pvl is not selected for executing, remove it.
Operation 'SELECT -inside' at line 627 in file /home/ff/eecs151/fa23/pdk_final/sky130_cds/sky130_prelim_release_091123/pegasus/sky130_rev0001.lvs.pvl is not selected for executing, remove it.
Operation 'SELECT -touch' at line 628 in file /home/ff/eecs151/fa23/pdk_final/sky130_cds/sky130_prelim_release_091123/pegasus/sky130_rev0001.lvs.pvl is not selected for executing, remove it.
Operation 'HOLES' at line 629 in file /home/ff/eecs151/fa23/pdk_final/sky130_cds/sky130_prelim_release_091123/pegasus/sky130_rev0001.lvs.pvl is not selected for executing, remove it.
Operation 'SELECT -touch' at line 630 in file /home/ff/eecs151/fa23/pdk_final/sky130_cds/sky130_prelim_release_091123/pegasus/sky130_rev0001.lvs.pvl is not selected for executing, remove it.
Operation 'SELECT -touch' at line 631 in file /home/ff/eecs151/fa23/pdk_final/sky130_cds/sky130_prelim_release_091123/pegasus/sky130_rev0001.lvs.pvl is not selected for executing, remove it.
Operation 'OR' at line 632 in file /home/ff/eecs151/fa23/pdk_final/sky130_cds/sky130_prelim_release_091123/pegasus/sky130_rev0001.lvs.pvl is not selected for executing, remove it.
Operation 'XOR' at line 633 in file /home/ff/eecs151/fa23/pdk_final/sky130_cds/sky130_prelim_release_091123/pegasus/sky130_rev0001.lvs.pvl is not selected for executing, remove it.
Operation 'SELECT -interact' at line 634 in file /home/ff/eecs151/fa23/pdk_final/sky130_cds/sky130_prelim_release_091123/pegasus/sky130_rev0001.lvs.pvl is not selected for executing, remove it.
Operation 'HOLES' at line 636 in file /home/ff/eecs151/fa23/pdk_final/sky130_cds/sky130_prelim_release_091123/pegasus/sky130_rev0001.lvs.pvl is not selected for executing, remove it.
Operation 'OR' at line 637 in file /home/ff/eecs151/fa23/pdk_final/sky130_cds/sky130_prelim_release_091123/pegasus/sky130_rev0001.lvs.pvl is not selected for executing, remove it.
Operation 'HOLES' at line 639 in file /home/ff/eecs151/fa23/pdk_final/sky130_cds/sky130_prelim_release_091123/pegasus/sky130_rev0001.lvs.pvl is not selected for executing, remove it.
Operation 'SELECT -touch' at line 641 in file /home/ff/eecs151/fa23/pdk_final/sky130_cds/sky130_prelim_release_091123/pegasus/sky130_rev0001.lvs.pvl is not selected for executing, remove it.
Operation 'AND' at line 643 in file /home/ff/eecs151/fa23/pdk_final/sky130_cds/sky130_prelim_release_091123/pegasus/sky130_rev0001.lvs.pvl is not selected for executing, remove it.
Operation 'AND' at line 644 in file /home/ff/eecs151/fa23/pdk_final/sky130_cds/sky130_prelim_release_091123/pegasus/sky130_rev0001.lvs.pvl is not selected for executing, remove it.
Operation 'NOT' at line 646 in file /home/ff/eecs151/fa23/pdk_final/sky130_cds/sky130_prelim_release_091123/pegasus/sky130_rev0001.lvs.pvl is not selected for executing, remove it.
Operation 'SELECT -interact' at line 648 in file /home/ff/eecs151/fa23/pdk_final/sky130_cds/sky130_prelim_release_091123/pegasus/sky130_rev0001.lvs.pvl is not selected for executing, remove it.
Operation 'AND' at line 649 in file /home/ff/eecs151/fa23/pdk_final/sky130_cds/sky130_prelim_release_091123/pegasus/sky130_rev0001.lvs.pvl is not selected for executing, remove it.
Operation 'AND' at line 650 in file /home/ff/eecs151/fa23/pdk_final/sky130_cds/sky130_prelim_release_091123/pegasus/sky130_rev0001.lvs.pvl is not selected for executing, remove it.
Operation 'AND' at line 652 in file /home/ff/eecs151/fa23/pdk_final/sky130_cds/sky130_prelim_release_091123/pegasus/sky130_rev0001.lvs.pvl is not selected for executing, remove it.
Operation 'OR' at line 661 in file /home/ff/eecs151/fa23/pdk_final/sky130_cds/sky130_prelim_release_091123/pegasus/sky130_rev0001.lvs.pvl is not selected for executing, remove it.
Operation 'NOT' at line 677 in file /home/ff/eecs151/fa23/pdk_final/sky130_cds/sky130_prelim_release_091123/pegasus/sky130_rev0001.lvs.pvl is not selected for executing, remove it.
Operation 'OR' at line 692 in file /home/ff/eecs151/fa23/pdk_final/sky130_cds/sky130_prelim_release_091123/pegasus/sky130_rev0001.lvs.pvl is not selected for executing, remove it.
Operation 'NOT' at line 693 in file /home/ff/eecs151/fa23/pdk_final/sky130_cds/sky130_prelim_release_091123/pegasus/sky130_rev0001.lvs.pvl is not selected for executing, remove it.
Operation 'SELECT -cut' at line 694 in file /home/ff/eecs151/fa23/pdk_final/sky130_cds/sky130_prelim_release_091123/pegasus/sky130_rev0001.lvs.pvl is not selected for executing, remove it.
Operation 'AND' at line 696 in file /home/ff/eecs151/fa23/pdk_final/sky130_cds/sky130_prelim_release_091123/pegasus/sky130_rev0001.lvs.pvl is not selected for executing, remove it.
Operation 'NOT' at line 697 in file /home/ff/eecs151/fa23/pdk_final/sky130_cds/sky130_prelim_release_091123/pegasus/sky130_rev0001.lvs.pvl is not selected for executing, remove it.
Operation 'SELECT -inside' at line 698 in file /home/ff/eecs151/fa23/pdk_final/sky130_cds/sky130_prelim_release_091123/pegasus/sky130_rev0001.lvs.pvl is not selected for executing, remove it.
Operation 'AND' at line 701 in file /home/ff/eecs151/fa23/pdk_final/sky130_cds/sky130_prelim_release_091123/pegasus/sky130_rev0001.lvs.pvl is not selected for executing, remove it.
Operation 'AND' at line 702 in file /home/ff/eecs151/fa23/pdk_final/sky130_cds/sky130_prelim_release_091123/pegasus/sky130_rev0001.lvs.pvl is not selected for executing, remove it.
Operation 'NOT' at line 703 in file /home/ff/eecs151/fa23/pdk_final/sky130_cds/sky130_prelim_release_091123/pegasus/sky130_rev0001.lvs.pvl is not selected for executing, remove it.
Operation 'SELECT -outside' at line 705 in file /home/ff/eecs151/fa23/pdk_final/sky130_cds/sky130_prelim_release_091123/pegasus/sky130_rev0001.lvs.pvl is not selected for executing, remove it.
Operation 'AND' at line 707 in file /home/ff/eecs151/fa23/pdk_final/sky130_cds/sky130_prelim_release_091123/pegasus/sky130_rev0001.lvs.pvl is not selected for executing, remove it.
Operation 'AND' at line 709 in file /home/ff/eecs151/fa23/pdk_final/sky130_cds/sky130_prelim_release_091123/pegasus/sky130_rev0001.lvs.pvl is not selected for executing, remove it.
Operation 'SELECT -outside' at line 710 in file /home/ff/eecs151/fa23/pdk_final/sky130_cds/sky130_prelim_release_091123/pegasus/sky130_rev0001.lvs.pvl is not selected for executing, remove it.
Operation 'AND' at line 712 in file /home/ff/eecs151/fa23/pdk_final/sky130_cds/sky130_prelim_release_091123/pegasus/sky130_rev0001.lvs.pvl is not selected for executing, remove it.
Operation 'SELECT -outside' at line 713 in file /home/ff/eecs151/fa23/pdk_final/sky130_cds/sky130_prelim_release_091123/pegasus/sky130_rev0001.lvs.pvl is not selected for executing, remove it.
Operation 'NOT' at line 715 in file /home/ff/eecs151/fa23/pdk_final/sky130_cds/sky130_prelim_release_091123/pegasus/sky130_rev0001.lvs.pvl is not selected for executing, remove it.
Operation 'SELECT -outside' at line 716 in file /home/ff/eecs151/fa23/pdk_final/sky130_cds/sky130_prelim_release_091123/pegasus/sky130_rev0001.lvs.pvl is not selected for executing, remove it.
Operation 'AND' at line 718 in file /home/ff/eecs151/fa23/pdk_final/sky130_cds/sky130_prelim_release_091123/pegasus/sky130_rev0001.lvs.pvl is not selected for executing, remove it.
Operation 'SELECT -outside' at line 719 in file /home/ff/eecs151/fa23/pdk_final/sky130_cds/sky130_prelim_release_091123/pegasus/sky130_rev0001.lvs.pvl is not selected for executing, remove it.
Operation 'SELECT -outside' at line 722 in file /home/ff/eecs151/fa23/pdk_final/sky130_cds/sky130_prelim_release_091123/pegasus/sky130_rev0001.lvs.pvl is not selected for executing, remove it.
Operation 'AND' at line 724 in file /home/ff/eecs151/fa23/pdk_final/sky130_cds/sky130_prelim_release_091123/pegasus/sky130_rev0001.lvs.pvl is not selected for executing, remove it.
Operation 'SELECT -outside' at line 725 in file /home/ff/eecs151/fa23/pdk_final/sky130_cds/sky130_prelim_release_091123/pegasus/sky130_rev0001.lvs.pvl is not selected for executing, remove it.
Operation 'SELECT -outside' at line 728 in file /home/ff/eecs151/fa23/pdk_final/sky130_cds/sky130_prelim_release_091123/pegasus/sky130_rev0001.lvs.pvl is not selected for executing, remove it.
Operation 'AND' at line 730 in file /home/ff/eecs151/fa23/pdk_final/sky130_cds/sky130_prelim_release_091123/pegasus/sky130_rev0001.lvs.pvl is not selected for executing, remove it.
Operation 'AND' at line 734 in file /home/ff/eecs151/fa23/pdk_final/sky130_cds/sky130_prelim_release_091123/pegasus/sky130_rev0001.lvs.pvl is not selected for executing, remove it.
Operation 'AND' at line 736 in file /home/ff/eecs151/fa23/pdk_final/sky130_cds/sky130_prelim_release_091123/pegasus/sky130_rev0001.lvs.pvl is not selected for executing, remove it.
Operation 'AND' at line 738 in file /home/ff/eecs151/fa23/pdk_final/sky130_cds/sky130_prelim_release_091123/pegasus/sky130_rev0001.lvs.pvl is not selected for executing, remove it.
Operation 'SELECT -touch' at line 742 in file /home/ff/eecs151/fa23/pdk_final/sky130_cds/sky130_prelim_release_091123/pegasus/sky130_rev0001.lvs.pvl is not selected for executing, remove it.
Operation 'SELECT -outside' at line 761 in file /home/ff/eecs151/fa23/pdk_final/sky130_cds/sky130_prelim_release_091123/pegasus/sky130_rev0001.lvs.pvl is not selected for executing, remove it.
Operation 'OR' at line 762 in file /home/ff/eecs151/fa23/pdk_final/sky130_cds/sky130_prelim_release_091123/pegasus/sky130_rev0001.lvs.pvl is not selected for executing, remove it.
Operation 'NOT' at line 765 in file /home/ff/eecs151/fa23/pdk_final/sky130_cds/sky130_prelim_release_091123/pegasus/sky130_rev0001.lvs.pvl is not selected for executing, remove it.
Operation 'SELECT -touch' at line 767 in file /home/ff/eecs151/fa23/pdk_final/sky130_cds/sky130_prelim_release_091123/pegasus/sky130_rev0001.lvs.pvl is not selected for executing, remove it.
Operation 'AND' at line 769 in file /home/ff/eecs151/fa23/pdk_final/sky130_cds/sky130_prelim_release_091123/pegasus/sky130_rev0001.lvs.pvl is not selected for executing, remove it.
Operation 'SELECT -outside' at line 770 in file /home/ff/eecs151/fa23/pdk_final/sky130_cds/sky130_prelim_release_091123/pegasus/sky130_rev0001.lvs.pvl is not selected for executing, remove it.
Operation 'AND' at line 771 in file /home/ff/eecs151/fa23/pdk_final/sky130_cds/sky130_prelim_release_091123/pegasus/sky130_rev0001.lvs.pvl is not selected for executing, remove it.
Operation 'NOT' at line 774 in file /home/ff/eecs151/fa23/pdk_final/sky130_cds/sky130_prelim_release_091123/pegasus/sky130_rev0001.lvs.pvl is not selected for executing, remove it.
Operation 'NOT' at line 775 in file /home/ff/eecs151/fa23/pdk_final/sky130_cds/sky130_prelim_release_091123/pegasus/sky130_rev0001.lvs.pvl is not selected for executing, remove it.
Operation 'AND' at line 777 in file /home/ff/eecs151/fa23/pdk_final/sky130_cds/sky130_prelim_release_091123/pegasus/sky130_rev0001.lvs.pvl is not selected for executing, remove it.
Operation 'SELECT -outside' at line 778 in file /home/ff/eecs151/fa23/pdk_final/sky130_cds/sky130_prelim_release_091123/pegasus/sky130_rev0001.lvs.pvl is not selected for executing, remove it.
Operation 'AND' at line 780 in file /home/ff/eecs151/fa23/pdk_final/sky130_cds/sky130_prelim_release_091123/pegasus/sky130_rev0001.lvs.pvl is not selected for executing, remove it.
Operation 'AND' at line 782 in file /home/ff/eecs151/fa23/pdk_final/sky130_cds/sky130_prelim_release_091123/pegasus/sky130_rev0001.lvs.pvl is not selected for executing, remove it.
Operation 'AND' at line 783 in file /home/ff/eecs151/fa23/pdk_final/sky130_cds/sky130_prelim_release_091123/pegasus/sky130_rev0001.lvs.pvl is not selected for executing, remove it.
Operation 'NOT' at line 784 in file /home/ff/eecs151/fa23/pdk_final/sky130_cds/sky130_prelim_release_091123/pegasus/sky130_rev0001.lvs.pvl is not selected for executing, remove it.
Operation 'NOT' at line 785 in file /home/ff/eecs151/fa23/pdk_final/sky130_cds/sky130_prelim_release_091123/pegasus/sky130_rev0001.lvs.pvl is not selected for executing, remove it.
Operation 'AND' at line 788 in file /home/ff/eecs151/fa23/pdk_final/sky130_cds/sky130_prelim_release_091123/pegasus/sky130_rev0001.lvs.pvl is not selected for executing, remove it.
Operation 'SIZE' at line 789 in file /home/ff/eecs151/fa23/pdk_final/sky130_cds/sky130_prelim_release_091123/pegasus/sky130_rev0001.lvs.pvl is not selected for executing, remove it.


operation group: 1/30
    Chip_extent_pvsTmp2 = EXTENT
========================================================================


operation group: 2/30
    li1 = OR li1_pin li1_in
========================================================================


operation group: 3/30
    nwell = OR nwell_pin nwell_in
========================================================================


operation group: 4/30
    pdiff = AND diff nwell
========================================================================


operation group: 5/30
    gate = AND poly diff
========================================================================


operation group: 6/30
    pfet = AND gate nwell
========================================================================


operation group: 7/30
    pSourceDrain = NOT pdiff pfet
========================================================================


operation group: 8/30
    ndiff = NOT diff nwell
========================================================================


operation group: 9/30
    nfet = NOT gate nwell
========================================================================


operation group: 10/30
    nSourceDrain = NOT ndiff nfet
========================================================================


operation group: 11/30
    ntap = AND tap nwell
========================================================================


operation group: 12/30
    ptap = NOT tap nwell
========================================================================


operation group: 13/30
    isolated_tap = SELECT -interact tap diff -not
========================================================================


operation group: 14/30
    Hpoly = AND poly hvi
========================================================================


operation group: 15/30
    hv_source_drain = NOT diff poly
========================================================================


operation group: 16/30
    met1 = OR met1_pin met1_in
========================================================================


operation group: 17/30
    met2 = OR met2_pin met2_in
========================================================================


operation group: 18/30
    met3 = OR met3_pin met3_in
========================================================================


operation group: 19/30
    met4 = OR met4_pin met4_in
========================================================================


operation group: 20/30
    met5 = OR met5_pin met5_in
========================================================================


operation group: 21/30
    Chip_extent_pvsTmp1 = HOLES areaid.sl
========================================================================


operation group: 22/30
    Chip_extent = OR Chip_extent_pvsTmp1 Chip_extent_pvsTmp2 areaid.sl
========================================================================


operation group: 23/30
    pwell = NOT Chip_extent nwell
========================================================================


operation group: 24/30
    CONNECT li1 pSourceDrain -by licon1
    CONNECT li1 nSourceDrain -by licon1
    CONNECT pSourceDrain ntap
    CONNECT nSourceDrain ptap
    CONNECT li1 ptap -by licon1
    CONNECT li1 ntap -by licon1
    CONNECT li1 isolated_tap -by licon1
    CONNECT li1 poly -by licon1
    CONNECT poly pfet
    CONNECT poly nfet
    CONNECT ptap
    CONNECT li1 Hpoly -by licon1
    CONNECT li1 hv_source_drain -by licon1
    CONNECT met1 li1 -by mcon
    CONNECT met2 met1 -by via
    CONNECT met3 met2 -by via2
    CONNECT met4 met3 -by via3
    CONNECT met5 met4 -by via4
    SCONNECT ptap pwell
    SCONNECT ntap nwell
========================================================================


operation group: 25/30
    nfet_01v8_rec = AND nfet ndiff
========================================================================


operation group: 26/30
    hvtpfet = AND pfet hvtp
========================================================================


operation group: 27/30
    pfet_norm = NOT pfet hvtpfet
========================================================================


operation group: 28/30
    pfet_01v8_rec = AND pfet_norm pdiff
========================================================================


operation group: 29/30
    hvtpfet_01v8_rec = AND hvtpfet pdiff
========================================================================


operation group: 30/30
    DEVICE MN( nfet_01v8) nfet_01v8_rec nfet( G) nSourceDrain( S) nSourceDrain( D) pwell( B)
    DEVICE MP( pfet_01v8) pfet_01v8_rec pfet( G) pSourceDrain( S) pSourceDrain( D) nwell( B)
    DEVICE MP( pfet_01v8_hvt) hvtpfet_01v8_rec hvtpfet( G) pSourceDrain( s) pSourceDrain( D) nwell( B)
========================================================================
Completed execution after parsing the rules, as requested by the "-p" flag or "-get_rules" flag 


Netlist extraction finished normally. Sun Jan 12 00:08:19 2025


